{"/home/prospa/savoon-bank/frontend/src/App.js": {"path":"/home/prospa/savoon-bank/frontend/src/App.js","statementMap":{"0":{"start":{"line":28,"column":12},"end":{"line":72,"column":1}},"1":{"start":{"line":29,"column":2},"end":{"line":71,"column":4}}},"fnMap":{"0":{"name":"(anonymous_0)","decl":{"start":{"line":28,"column":12},"end":{"line":28,"column":13}},"loc":{"start":{"line":28,"column":18},"end":{"line":72,"column":1}},"line":28}},"branchMap":{},"s":{"0":1,"1":6},"f":{"0":6},"b":{},"_coverageSchema":"1a1c01bbd47fc00a2c39e90264f33305004495a9","hash":"575b47398f12385a23f2d113554811bc13dc01cd"}
,"/home/prospa/savoon-bank/frontend/src/index.js": {"path":"/home/prospa/savoon-bank/frontend/src/index.js","statementMap":{"0":{"start":{"line":6,"column":13},"end":{"line":6,"column":65}},"1":{"start":{"line":7,"column":0},"end":{"line":11,"column":2}}},"fnMap":{},"branchMap":{},"s":{"0":0,"1":0},"f":{},"b":{}}
,"/home/prospa/savoon-bank/frontend/src/components/analytics/AnalyticsStats.js": {"path":"/home/prospa/savoon-bank/frontend/src/components/analytics/AnalyticsStats.js","statementMap":{"0":{"start":{"line":4,"column":23},"end":{"line":119,"column":1}},"1":{"start":{"line":5,"column":2},"end":{"line":11,"column":3}},"2":{"start":{"line":6,"column":4},"end":{"line":10,"column":6}},"3":{"start":{"line":19,"column":6},"end":{"line":19,"column":19}},"4":{"start":{"line":21,"column":22},"end":{"line":21,"column":70}},"5":{"start":{"line":23,"column":16},"end":{"line":56,"column":3}},"6":{"start":{"line":58,"column":2},"end":{"line":118,"column":4}},"7":{"start":{"line":71,"column":10},"end":{"line":79,"column":16}}},"fnMap":{"0":{"name":"(anonymous_0)","decl":{"start":{"line":4,"column":23},"end":{"line":4,"column":24}},"loc":{"start":{"line":4,"column":46},"end":{"line":119,"column":1}},"line":4},"1":{"name":"(anonymous_1)","decl":{"start":{"line":70,"column":19},"end":{"line":70,"column":20}},"loc":{"start":{"line":71,"column":10},"end":{"line":79,"column":16}},"line":71}},"branchMap":{"0":{"loc":{"start":{"line":5,"column":2},"end":{"line":11,"column":3}},"type":"if","locations":[{"start":{"line":5,"column":2},"end":{"line":11,"column":3}},{"start":{},"end":{}}],"line":5},"1":{"loc":{"start":{"line":43,"column":12},"end":{"line":43,"column":41}},"type":"cond-expr","locations":[{"start":{"line":43,"column":30},"end":{"line":43,"column":34}},{"start":{"line":43,"column":37},"end":{"line":43,"column":41}}],"line":43},"2":{"loc":{"start":{"line":44,"column":13},"end":{"line":44,"column":64}},"type":"cond-expr","locations":[{"start":{"line":44,"column":31},"end":{"line":44,"column":46}},{"start":{"line":44,"column":49},"end":{"line":44,"column":64}}],"line":44},"3":{"loc":{"start":{"line":46,"column":19},"end":{"line":46,"column":119}},"type":"cond-expr","locations":[{"start":{"line":46,"column":37},"end":{"line":46,"column":71}},{"start":{"line":46,"column":74},"end":{"line":46,"column":119}}],"line":46},"4":{"loc":{"start":{"line":90,"column":11},"end":{"line":114,"column":11}},"type":"cond-expr","locations":[{"start":{"line":91,"column":12},"end":{"line":95,"column":18}},{"start":{"line":96,"column":14},"end":{"line":114,"column":11}}],"line":90},"5":{"loc":{"start":{"line":96,"column":14},"end":{"line":114,"column":11}},"type":"cond-expr","locations":[{"start":{"line":97,"column":12},"end":{"line":101,"column":18}},{"start":{"line":102,"column":14},"end":{"line":114,"column":11}}],"line":96},"6":{"loc":{"start":{"line":102,"column":14},"end":{"line":114,"column":11}},"type":"cond-expr","locations":[{"start":{"line":103,"column":12},"end":{"line":107,"column":18}},{"start":{"line":109,"column":12},"end":{"line":113,"column":18}}],"line":102}},"s":{"0":0,"1":0,"2":0,"3":0,"4":0,"5":0,"6":0,"7":0},"f":{"0":0,"1":0},"b":{"0":[0,0],"1":[0,0],"2":[0,0],"3":[0,0],"4":[0,0],"5":[0,0],"6":[0,0]}}
,"/home/prospa/savoon-bank/frontend/src/components/analytics/CategoryChart.js": {"path":"/home/prospa/savoon-bank/frontend/src/components/analytics/CategoryChart.js","statementMap":{"0":{"start":{"line":4,"column":22},"end":{"line":109,"column":1}},"1":{"start":{"line":6,"column":20},"end":{"line":10,"column":5}},"2":{"start":{"line":6,"column":70},"end":{"line":10,"column":3}},"3":{"start":{"line":13,"column":16},"end":{"line":13,"column":68}},"4":{"start":{"line":13,"column":48},"end":{"line":13,"column":64}},"5":{"start":{"line":14,"column":2},"end":{"line":16,"column":5}},"6":{"start":{"line":15,"column":4},"end":{"line":15,"column":62}},"7":{"start":{"line":19,"column":17},"end":{"line":22,"column":3}},"8":{"start":{"line":24,"column":24},"end":{"line":38,"column":3}},"9":{"start":{"line":25,"column":4},"end":{"line":36,"column":5}},"10":{"start":{"line":26,"column":19},"end":{"line":26,"column":37}},"11":{"start":{"line":27,"column":6},"end":{"line":35,"column":8}},"12":{"start":{"line":37,"column":4},"end":{"line":37,"column":16}},"13":{"start":{"line":40,"column":28},"end":{"line":61,"column":3}},"14":{"start":{"line":41,"column":4},"end":{"line":41,"column":36}},"15":{"start":{"line":41,"column":24},"end":{"line":41,"column":36}},"16":{"start":{"line":43,"column":19},"end":{"line":43,"column":32}},"17":{"start":{"line":44,"column":19},"end":{"line":44,"column":66}},"18":{"start":{"line":45,"column":14},"end":{"line":45,"column":56}},"19":{"start":{"line":46,"column":14},"end":{"line":46,"column":56}},"20":{"start":{"line":48,"column":4},"end":{"line":60,"column":6}},"21":{"start":{"line":63,"column":2},"end":{"line":72,"column":3}},"22":{"start":{"line":64,"column":4},"end":{"line":71,"column":6}},"23":{"start":{"line":74,"column":2},"end":{"line":108,"column":4}},"24":{"start":{"line":91,"column":16},"end":{"line":91,"column":83}},"25":{"start":{"line":99,"column":16},"end":{"line":101,"column":23}}},"fnMap":{"0":{"name":"(anonymous_0)","decl":{"start":{"line":4,"column":22},"end":{"line":4,"column":23}},"loc":{"start":{"line":4,"column":68},"end":{"line":109,"column":1}},"line":4},"1":{"name":"(anonymous_1)","decl":{"start":{"line":6,"column":45},"end":{"line":6,"column":46}},"loc":{"start":{"line":6,"column":70},"end":{"line":10,"column":3}},"line":6},"2":{"name":"(anonymous_2)","decl":{"start":{"line":13,"column":33},"end":{"line":13,"column":34}},"loc":{"start":{"line":13,"column":48},"end":{"line":13,"column":64}},"line":13},"3":{"name":"(anonymous_3)","decl":{"start":{"line":14,"column":20},"end":{"line":14,"column":21}},"loc":{"start":{"line":14,"column":28},"end":{"line":16,"column":3}},"line":14},"4":{"name":"(anonymous_4)","decl":{"start":{"line":24,"column":24},"end":{"line":24,"column":25}},"loc":{"start":{"line":24,"column":49},"end":{"line":38,"column":3}},"line":24},"5":{"name":"(anonymous_5)","decl":{"start":{"line":40,"column":28},"end":{"line":40,"column":29}},"loc":{"start":{"line":40,"column":92},"end":{"line":61,"column":3}},"line":40},"6":{"name":"(anonymous_6)","decl":{"start":{"line":90,"column":29},"end":{"line":90,"column":30}},"loc":{"start":{"line":91,"column":16},"end":{"line":91,"column":83}},"line":91},"7":{"name":"(anonymous_7)","decl":{"start":{"line":98,"column":25},"end":{"line":98,"column":26}},"loc":{"start":{"line":99,"column":16},"end":{"line":101,"column":23}},"line":99}},"branchMap":{"0":{"loc":{"start":{"line":4,"column":31},"end":{"line":4,"column":61}},"type":"default-arg","locations":[{"start":{"line":4,"column":39},"end":{"line":4,"column":61}}],"line":4},"1":{"loc":{"start":{"line":25,"column":4},"end":{"line":36,"column":5}},"type":"if","locations":[{"start":{"line":25,"column":4},"end":{"line":36,"column":5}},{"start":{},"end":{}}],"line":25},"2":{"loc":{"start":{"line":25,"column":8},"end":{"line":25,"column":43}},"type":"binary-expr","locations":[{"start":{"line":25,"column":8},"end":{"line":25,"column":14}},{"start":{"line":25,"column":18},"end":{"line":25,"column":25}},{"start":{"line":25,"column":29},"end":{"line":25,"column":43}}],"line":25},"3":{"loc":{"start":{"line":41,"column":4},"end":{"line":41,"column":36}},"type":"if","locations":[{"start":{"line":41,"column":4},"end":{"line":41,"column":36}},{"start":{},"end":{}}],"line":41},"4":{"loc":{"start":{"line":53,"column":20},"end":{"line":53,"column":44}},"type":"cond-expr","locations":[{"start":{"line":53,"column":29},"end":{"line":53,"column":36}},{"start":{"line":53,"column":39},"end":{"line":53,"column":44}}],"line":53},"5":{"loc":{"start":{"line":63,"column":2},"end":{"line":72,"column":3}},"type":"if","locations":[{"start":{"line":63,"column":2},"end":{"line":72,"column":3}},{"start":{},"end":{}}],"line":63}},"s":{"0":0,"1":0,"2":0,"3":0,"4":0,"5":0,"6":0,"7":0,"8":0,"9":0,"10":0,"11":0,"12":0,"13":0,"14":0,"15":0,"16":0,"17":0,"18":0,"19":0,"20":0,"21":0,"22":0,"23":0,"24":0,"25":0},"f":{"0":0,"1":0,"2":0,"3":0,"4":0,"5":0,"6":0,"7":0},"b":{"0":[0],"1":[0,0],"2":[0,0,0],"3":[0,0],"4":[0,0],"5":[0,0]}}
,"/home/prospa/savoon-bank/frontend/src/components/analytics/FinancialReportGenerator.js": {"path":"/home/prospa/savoon-bank/frontend/src/components/analytics/FinancialReportGenerator.js","statementMap":{"0":{"start":{"line":5,"column":33},"end":{"line":380,"column":1}},"1":{"start":{"line":6,"column":22},"end":{"line":6,"column":45}},"2":{"start":{"line":7,"column":19},"end":{"line":7,"column":30}},"3":{"start":{"line":9,"column":38},"end":{"line":9,"column":57}},"4":{"start":{"line":10,"column":48},"end":{"line":10,"column":60}},"5":{"start":{"line":11,"column":42},"end":{"line":11,"column":57}},"6":{"start":{"line":13,"column":25},"end":{"line":41,"column":3}},"7":{"start":{"line":14,"column":4},"end":{"line":17,"column":5}},"8":{"start":{"line":15,"column":6},"end":{"line":15,"column":52}},"9":{"start":{"line":16,"column":6},"end":{"line":16,"column":13}},"10":{"start":{"line":19,"column":4},"end":{"line":19,"column":26}},"11":{"start":{"line":21,"column":4},"end":{"line":40,"column":13}},"12":{"start":{"line":22,"column":19},"end":{"line":22,"column":21}},"13":{"start":{"line":23,"column":26},"end":{"line":28,"column":8}},"14":{"start":{"line":30,"column":6},"end":{"line":36,"column":7}},"15":{"start":{"line":31,"column":8},"end":{"line":31,"column":52}},"16":{"start":{"line":32,"column":13},"end":{"line":36,"column":7}},"17":{"start":{"line":33,"column":8},"end":{"line":33,"column":53}},"18":{"start":{"line":34,"column":13},"end":{"line":36,"column":7}},"19":{"start":{"line":35,"column":8},"end":{"line":35,"column":55}},"20":{"start":{"line":38,"column":6},"end":{"line":38,"column":33}},"21":{"start":{"line":39,"column":6},"end":{"line":39,"column":29}},"22":{"start":{"line":43,"column":32},"end":{"line":104,"column":3}},"23":{"start":{"line":44,"column":91},"end":{"line":44,"column":104}},"24":{"start":{"line":45,"column":24},"end":{"line":45,"column":72}},"25":{"start":{"line":47,"column":4},"end":{"line":103,"column":2}},"26":{"start":{"line":106,"column":33},"end":{"line":203,"column":3}},"27":{"start":{"line":107,"column":75},"end":{"line":107,"column":88}},"28":{"start":{"line":108,"column":24},"end":{"line":108,"column":72}},"29":{"start":{"line":110,"column":28},"end":{"line":110,"column":30}},"30":{"start":{"line":111,"column":4},"end":{"line":117,"column":5}},"31":{"start":{"line":112,"column":6},"end":{"line":116,"column":21}},"32":{"start":{"line":113,"column":30},"end":{"line":113,"column":35}},"33":{"start":{"line":115,"column":10},"end":{"line":115,"column":96}},"34":{"start":{"line":119,"column":31},"end":{"line":121,"column":16}},"35":{"start":{"line":120,"column":6},"end":{"line":120,"column":136}},"36":{"start":{"line":123,"column":4},"end":{"line":202,"column":2}},"37":{"start":{"line":205,"column":35},"end":{"line":272,"column":3}},"38":{"start":{"line":206,"column":31},"end":{"line":208,"column":19}},"39":{"start":{"line":207,"column":22},"end":{"line":207,"column":67}},"40":{"start":{"line":210,"column":25},"end":{"line":210,"column":80}},"41":{"start":{"line":211,"column":29},"end":{"line":216,"column":17}},"42":{"start":{"line":212,"column":24},"end":{"line":212,"column":66}},"43":{"start":{"line":213,"column":21},"end":{"line":213,"column":63}},"44":{"start":{"line":214,"column":6},"end":{"line":214,"column":31}},"45":{"start":{"line":215,"column":6},"end":{"line":215,"column":207}},"46":{"start":{"line":218,"column":4},"end":{"line":271,"column":2}},"47":{"start":{"line":249,"column":48},"end":{"line":249,"column":67}},"48":{"start":{"line":250,"column":47},"end":{"line":250,"column":65}},"49":{"start":{"line":252,"column":70},"end":{"line":252,"column":84}},"50":{"start":{"line":253,"column":70},"end":{"line":253,"column":89}},"51":{"start":{"line":253,"column":100},"end":{"line":253,"column":108}},"52":{"start":{"line":254,"column":69},"end":{"line":254,"column":87}},"53":{"start":{"line":254,"column":98},"end":{"line":254,"column":106}},"54":{"start":{"line":274,"column":26},"end":{"line":278,"column":3}},"55":{"start":{"line":275,"column":4},"end":{"line":277,"column":7}},"56":{"start":{"line":276,"column":6},"end":{"line":276,"column":43}},"57":{"start":{"line":280,"column":25},"end":{"line":288,"column":3}},"58":{"start":{"line":281,"column":20},"end":{"line":281,"column":47}},"59":{"start":{"line":282,"column":17},"end":{"line":282,"column":68}},"60":{"start":{"line":283,"column":4},"end":{"line":283,"column":45}},"61":{"start":{"line":284,"column":4},"end":{"line":284,"column":104}},"62":{"start":{"line":285,"column":4},"end":{"line":285,"column":39}},"63":{"start":{"line":286,"column":4},"end":{"line":286,"column":20}},"64":{"start":{"line":287,"column":4},"end":{"line":287,"column":39}},"65":{"start":{"line":290,"column":2},"end":{"line":379,"column":4}},"66":{"start":{"line":306,"column":29},"end":{"line":306,"column":58}},"67":{"start":{"line":345,"column":35},"end":{"line":345,"column":49}}},"fnMap":{"0":{"name":"(anonymous_0)","decl":{"start":{"line":5,"column":33},"end":{"line":5,"column":34}},"loc":{"start":{"line":5,"column":70},"end":{"line":380,"column":1}},"line":5},"1":{"name":"(anonymous_1)","decl":{"start":{"line":13,"column":25},"end":{"line":13,"column":26}},"loc":{"start":{"line":13,"column":31},"end":{"line":41,"column":3}},"line":13},"2":{"name":"(anonymous_2)","decl":{"start":{"line":21,"column":15},"end":{"line":21,"column":16}},"loc":{"start":{"line":21,"column":21},"end":{"line":40,"column":5}},"line":21},"3":{"name":"(anonymous_3)","decl":{"start":{"line":43,"column":32},"end":{"line":43,"column":33}},"loc":{"start":{"line":43,"column":42},"end":{"line":104,"column":3}},"line":43},"4":{"name":"(anonymous_4)","decl":{"start":{"line":106,"column":33},"end":{"line":106,"column":34}},"loc":{"start":{"line":106,"column":43},"end":{"line":203,"column":3}},"line":106},"5":{"name":"(anonymous_5)","decl":{"start":{"line":113,"column":14},"end":{"line":113,"column":15}},"loc":{"start":{"line":113,"column":30},"end":{"line":113,"column":35}},"line":113},"6":{"name":"(anonymous_6)","decl":{"start":{"line":114,"column":13},"end":{"line":114,"column":14}},"loc":{"start":{"line":115,"column":10},"end":{"line":115,"column":96}},"line":115},"7":{"name":"(anonymous_7)","decl":{"start":{"line":119,"column":61},"end":{"line":119,"column":62}},"loc":{"start":{"line":120,"column":6},"end":{"line":120,"column":136}},"line":120},"8":{"name":"(anonymous_8)","decl":{"start":{"line":205,"column":35},"end":{"line":205,"column":36}},"loc":{"start":{"line":205,"column":45},"end":{"line":272,"column":3}},"line":205},"9":{"name":"(anonymous_9)","decl":{"start":{"line":207,"column":12},"end":{"line":207,"column":13}},"loc":{"start":{"line":207,"column":22},"end":{"line":207,"column":67}},"line":207},"10":{"name":"(anonymous_10)","decl":{"start":{"line":211,"column":52},"end":{"line":211,"column":53}},"loc":{"start":{"line":211,"column":57},"end":{"line":216,"column":5}},"line":211},"11":{"name":"(anonymous_11)","decl":{"start":{"line":249,"column":43},"end":{"line":249,"column":44}},"loc":{"start":{"line":249,"column":48},"end":{"line":249,"column":67}},"line":249},"12":{"name":"(anonymous_12)","decl":{"start":{"line":250,"column":42},"end":{"line":250,"column":43}},"loc":{"start":{"line":250,"column":47},"end":{"line":250,"column":65}},"line":250},"13":{"name":"(anonymous_13)","decl":{"start":{"line":252,"column":58},"end":{"line":252,"column":59}},"loc":{"start":{"line":252,"column":70},"end":{"line":252,"column":84}},"line":252},"14":{"name":"(anonymous_14)","decl":{"start":{"line":253,"column":65},"end":{"line":253,"column":66}},"loc":{"start":{"line":253,"column":70},"end":{"line":253,"column":89}},"line":253},"15":{"name":"(anonymous_15)","decl":{"start":{"line":253,"column":95},"end":{"line":253,"column":96}},"loc":{"start":{"line":253,"column":100},"end":{"line":253,"column":108}},"line":253},"16":{"name":"(anonymous_16)","decl":{"start":{"line":254,"column":64},"end":{"line":254,"column":65}},"loc":{"start":{"line":254,"column":69},"end":{"line":254,"column":87}},"line":254},"17":{"name":"(anonymous_17)","decl":{"start":{"line":254,"column":93},"end":{"line":254,"column":94}},"loc":{"start":{"line":254,"column":98},"end":{"line":254,"column":106}},"line":254},"18":{"name":"(anonymous_18)","decl":{"start":{"line":274,"column":26},"end":{"line":274,"column":27}},"loc":{"start":{"line":274,"column":32},"end":{"line":278,"column":3}},"line":274},"19":{"name":"(anonymous_19)","decl":{"start":{"line":275,"column":56},"end":{"line":275,"column":57}},"loc":{"start":{"line":275,"column":62},"end":{"line":277,"column":5}},"line":275},"20":{"name":"(anonymous_20)","decl":{"start":{"line":280,"column":25},"end":{"line":280,"column":26}},"loc":{"start":{"line":280,"column":31},"end":{"line":288,"column":3}},"line":280},"21":{"name":"(anonymous_21)","decl":{"start":{"line":306,"column":22},"end":{"line":306,"column":23}},"loc":{"start":{"line":306,"column":29},"end":{"line":306,"column":58}},"line":306},"22":{"name":"(anonymous_22)","decl":{"start":{"line":345,"column":29},"end":{"line":345,"column":30}},"loc":{"start":{"line":345,"column":35},"end":{"line":345,"column":49}},"line":345}},"branchMap":{"0":{"loc":{"start":{"line":14,"column":4},"end":{"line":17,"column":5}},"type":"if","locations":[{"start":{"line":14,"column":4},"end":{"line":17,"column":5}},{"start":{},"end":{}}],"line":14},"1":{"loc":{"start":{"line":14,"column":8},"end":{"line":14,"column":39}},"type":"binary-expr","locations":[{"start":{"line":14,"column":8},"end":{"line":14,"column":22}},{"start":{"line":14,"column":26},"end":{"line":14,"column":39}}],"line":14},"2":{"loc":{"start":{"line":30,"column":6},"end":{"line":36,"column":7}},"type":"if","locations":[{"start":{"line":30,"column":6},"end":{"line":36,"column":7}},{"start":{"line":32,"column":13},"end":{"line":36,"column":7}}],"line":30},"3":{"loc":{"start":{"line":32,"column":13},"end":{"line":36,"column":7}},"type":"if","locations":[{"start":{"line":32,"column":13},"end":{"line":36,"column":7}},{"start":{"line":34,"column":13},"end":{"line":36,"column":7}}],"line":32},"4":{"loc":{"start":{"line":34,"column":13},"end":{"line":36,"column":7}},"type":"if","locations":[{"start":{"line":34,"column":13},"end":{"line":36,"column":7}},{"start":{},"end":{}}],"line":34},"5":{"loc":{"start":{"line":52,"column":18},"end":{"line":52,"column":49}},"type":"binary-expr","locations":[{"start":{"line":52,"column":18},"end":{"line":52,"column":28}},{"start":{"line":52,"column":32},"end":{"line":52,"column":49}}],"line":52},"6":{"loc":{"start":{"line":73,"column":2},"end":{"line":79,"column":95}},"type":"cond-expr","locations":[{"start":{"line":74,"column":2},"end":{"line":74,"column":99}},{"start":{"line":75,"column":2},"end":{"line":79,"column":95}}],"line":73},"7":{"loc":{"start":{"line":75,"column":2},"end":{"line":79,"column":95}},"type":"cond-expr","locations":[{"start":{"line":76,"column":2},"end":{"line":76,"column":96}},{"start":{"line":77,"column":2},"end":{"line":79,"column":95}}],"line":75},"8":{"loc":{"start":{"line":77,"column":2},"end":{"line":79,"column":95}},"type":"cond-expr","locations":[{"start":{"line":78,"column":2},"end":{"line":78,"column":92}},{"start":{"line":79,"column":2},"end":{"line":79,"column":95}}],"line":77},"9":{"loc":{"start":{"line":86,"column":2},"end":{"line":94,"column":45}},"type":"cond-expr","locations":[{"start":{"line":87,"column":2},"end":{"line":90,"column":47}},{"start":{"line":91,"column":2},"end":{"line":94,"column":45}}],"line":86},"10":{"loc":{"start":{"line":111,"column":4},"end":{"line":117,"column":5}},"type":"if","locations":[{"start":{"line":111,"column":4},"end":{"line":117,"column":5}},{"start":{},"end":{}}],"line":111},"11":{"loc":{"start":{"line":120,"column":57},"end":{"line":120,"column":88}},"type":"cond-expr","locations":[{"start":{"line":120,"column":79},"end":{"line":120,"column":82}},{"start":{"line":120,"column":85},"end":{"line":120,"column":88}}],"line":120},"12":{"loc":{"start":{"line":128,"column":18},"end":{"line":128,"column":49}},"type":"binary-expr","locations":[{"start":{"line":128,"column":18},"end":{"line":128,"column":28}},{"start":{"line":128,"column":32},"end":{"line":128,"column":49}}],"line":128},"13":{"loc":{"start":{"line":148,"column":2},"end":{"line":148,"column":51}},"type":"binary-expr","locations":[{"start":{"line":148,"column":2},"end":{"line":148,"column":19}},{"start":{"line":148,"column":23},"end":{"line":148,"column":51}}],"line":148},"14":{"loc":{"start":{"line":154,"column":2},"end":{"line":154,"column":48}},"type":"binary-expr","locations":[{"start":{"line":154,"column":2},"end":{"line":154,"column":20}},{"start":{"line":154,"column":24},"end":{"line":154,"column":48}}],"line":154},"15":{"loc":{"start":{"line":161,"column":31},"end":{"line":161,"column":69}},"type":"cond-expr","locations":[{"start":{"line":161,"column":49},"end":{"line":161,"column":57}},{"start":{"line":161,"column":60},"end":{"line":161,"column":69}}],"line":161},"16":{"loc":{"start":{"line":162,"column":4},"end":{"line":162,"column":110}},"type":"cond-expr","locations":[{"start":{"line":162,"column":25},"end":{"line":162,"column":64}},{"start":{"line":162,"column":67},"end":{"line":162,"column":110}}],"line":162},"17":{"loc":{"start":{"line":166,"column":22},"end":{"line":166,"column":114}},"type":"cond-expr","locations":[{"start":{"line":166,"column":52},"end":{"line":166,"column":89}},{"start":{"line":166,"column":92},"end":{"line":166,"column":114}}],"line":166},"18":{"loc":{"start":{"line":171,"column":4},"end":{"line":171,"column":90}},"type":"cond-expr","locations":[{"start":{"line":171,"column":24},"end":{"line":171,"column":54}},{"start":{"line":171,"column":57},"end":{"line":171,"column":90}}],"line":171},"19":{"loc":{"start":{"line":177,"column":2},"end":{"line":193,"column":37}},"type":"cond-expr","locations":[{"start":{"line":178,"column":2},"end":{"line":182,"column":38}},{"start":{"line":183,"column":2},"end":{"line":193,"column":37}}],"line":177},"20":{"loc":{"start":{"line":183,"column":2},"end":{"line":193,"column":37}},"type":"cond-expr","locations":[{"start":{"line":184,"column":2},"end":{"line":188,"column":28}},{"start":{"line":189,"column":2},"end":{"line":193,"column":37}}],"line":183},"21":{"loc":{"start":{"line":213,"column":21},"end":{"line":213,"column":63}},"type":"cond-expr","locations":[{"start":{"line":213,"column":43},"end":{"line":213,"column":51}},{"start":{"line":213,"column":54},"end":{"line":213,"column":63}}],"line":213},"22":{"loc":{"start":{"line":215,"column":73},"end":{"line":215,"column":104}},"type":"cond-expr","locations":[{"start":{"line":215,"column":95},"end":{"line":215,"column":98}},{"start":{"line":215,"column":101},"end":{"line":215,"column":104}}],"line":215},"23":{"loc":{"start":{"line":223,"column":18},"end":{"line":223,"column":49}},"type":"binary-expr","locations":[{"start":{"line":223,"column":18},"end":{"line":223,"column":28}},{"start":{"line":223,"column":32},"end":{"line":223,"column":49}}],"line":223},"24":{"loc":{"start":{"line":320,"column":11},"end":{"line":330,"column":11}},"type":"cond-expr","locations":[{"start":{"line":321,"column":12},"end":{"line":324,"column":15}},{"start":{"line":326,"column":12},"end":{"line":329,"column":15}}],"line":320},"25":{"loc":{"start":{"line":334,"column":7},"end":{"line":355,"column":7}},"type":"binary-expr","locations":[{"start":{"line":334,"column":7},"end":{"line":334,"column":22}},{"start":{"line":335,"column":8},"end":{"line":354,"column":14}}],"line":334},"26":{"loc":{"start":{"line":357,"column":7},"end":{"line":377,"column":7}},"type":"binary-expr","locations":[{"start":{"line":357,"column":7},"end":{"line":357,"column":23}},{"start":{"line":357,"column":27},"end":{"line":357,"column":40}},{"start":{"line":358,"column":8},"end":{"line":376,"column":14}}],"line":357}},"s":{"0":0,"1":0,"2":0,"3":0,"4":0,"5":0,"6":0,"7":0,"8":0,"9":0,"10":0,"11":0,"12":0,"13":0,"14":0,"15":0,"16":0,"17":0,"18":0,"19":0,"20":0,"21":0,"22":0,"23":0,"24":0,"25":0,"26":0,"27":0,"28":0,"29":0,"30":0,"31":0,"32":0,"33":0,"34":0,"35":0,"36":0,"37":0,"38":0,"39":0,"40":0,"41":0,"42":0,"43":0,"44":0,"45":0,"46":0,"47":0,"48":0,"49":0,"50":0,"51":0,"52":0,"53":0,"54":0,"55":0,"56":0,"57":0,"58":0,"59":0,"60":0,"61":0,"62":0,"63":0,"64":0,"65":0,"66":0,"67":0},"f":{"0":0,"1":0,"2":0,"3":0,"4":0,"5":0,"6":0,"7":0,"8":0,"9":0,"10":0,"11":0,"12":0,"13":0,"14":0,"15":0,"16":0,"17":0,"18":0,"19":0,"20":0,"21":0,"22":0},"b":{"0":[0,0],"1":[0,0],"2":[0,0],"3":[0,0],"4":[0,0],"5":[0,0],"6":[0,0],"7":[0,0],"8":[0,0],"9":[0,0],"10":[0,0],"11":[0,0],"12":[0,0],"13":[0,0],"14":[0,0],"15":[0,0],"16":[0,0],"17":[0,0],"18":[0,0],"19":[0,0],"20":[0,0],"21":[0,0],"22":[0,0],"23":[0,0],"24":[0,0],"25":[0,0],"26":[0,0,0]}}
,"/home/prospa/savoon-bank/frontend/src/components/analytics/InsightsPanel.js": {"path":"/home/prospa/savoon-bank/frontend/src/components/analytics/InsightsPanel.js","statementMap":{"0":{"start":{"line":3,"column":22},"end":{"line":44,"column":1}},"1":{"start":{"line":4,"column":26},"end":{"line":15,"column":3}},"2":{"start":{"line":5,"column":4},"end":{"line":14,"column":5}},"3":{"start":{"line":7,"column":8},"end":{"line":7,"column":34}},"4":{"start":{"line":9,"column":8},"end":{"line":9,"column":33}},"5":{"start":{"line":11,"column":8},"end":{"line":11,"column":33}},"6":{"start":{"line":13,"column":8},"end":{"line":13,"column":30}},"7":{"start":{"line":17,"column":2},"end":{"line":26,"column":3}},"8":{"start":{"line":18,"column":4},"end":{"line":25,"column":6}},"9":{"start":{"line":28,"column":2},"end":{"line":43,"column":4}},"10":{"start":{"line":33,"column":10},"end":{"line":39,"column":16}}},"fnMap":{"0":{"name":"(anonymous_0)","decl":{"start":{"line":3,"column":22},"end":{"line":3,"column":23}},"loc":{"start":{"line":3,"column":70},"end":{"line":44,"column":1}},"line":3},"1":{"name":"(anonymous_1)","decl":{"start":{"line":4,"column":26},"end":{"line":4,"column":27}},"loc":{"start":{"line":4,"column":36},"end":{"line":15,"column":3}},"line":4},"2":{"name":"(anonymous_2)","decl":{"start":{"line":32,"column":22},"end":{"line":32,"column":23}},"loc":{"start":{"line":33,"column":10},"end":{"line":39,"column":16}},"line":33}},"branchMap":{"0":{"loc":{"start":{"line":3,"column":35},"end":{"line":3,"column":63}},"type":"default-arg","locations":[{"start":{"line":3,"column":43},"end":{"line":3,"column":63}}],"line":3},"1":{"loc":{"start":{"line":5,"column":4},"end":{"line":14,"column":5}},"type":"switch","locations":[{"start":{"line":6,"column":6},"end":{"line":7,"column":34}},{"start":{"line":8,"column":6},"end":{"line":9,"column":33}},{"start":{"line":10,"column":6},"end":{"line":11,"column":33}},{"start":{"line":12,"column":6},"end":{"line":13,"column":30}}],"line":5},"2":{"loc":{"start":{"line":17,"column":2},"end":{"line":26,"column":3}},"type":"if","locations":[{"start":{"line":17,"column":2},"end":{"line":26,"column":3}},{"start":{},"end":{}}],"line":17},"3":{"loc":{"start":{"line":17,"column":6},"end":{"line":17,"column":40}},"type":"binary-expr","locations":[{"start":{"line":17,"column":6},"end":{"line":17,"column":15}},{"start":{"line":17,"column":19},"end":{"line":17,"column":40}}],"line":17}},"s":{"0":0,"1":0,"2":0,"3":0,"4":0,"5":0,"6":0,"7":0,"8":0,"9":0,"10":0},"f":{"0":0,"1":0,"2":0},"b":{"0":[0],"1":[0,0,0,0],"2":[0,0],"3":[0,0]}}
,"/home/prospa/savoon-bank/frontend/src/components/analytics/LoanProgressChart.js": {"path":"/home/prospa/savoon-bank/frontend/src/components/analytics/LoanProgressChart.js","statementMap":{"0":{"start":{"line":5,"column":26},"end":{"line":124,"column":1}},"1":{"start":{"line":7,"column":20},"end":{"line":19,"column":6}},"2":{"start":{"line":8,"column":20},"end":{"line":8,"column":44}},"3":{"start":{"line":10,"column":23},"end":{"line":10,"column":50}},"4":{"start":{"line":11,"column":6},"end":{"line":18,"column":8}},"5":{"start":{"line":21,"column":24},"end":{"line":48,"column":3}},"6":{"start":{"line":22,"column":4},"end":{"line":46,"column":5}},"7":{"start":{"line":23,"column":19},"end":{"line":23,"column":37}},"8":{"start":{"line":24,"column":6},"end":{"line":45,"column":8}},"9":{"start":{"line":47,"column":4},"end":{"line":47,"column":16}},"10":{"start":{"line":50,"column":2},"end":{"line":59,"column":3}},"11":{"start":{"line":51,"column":4},"end":{"line":58,"column":6}},"12":{"start":{"line":61,"column":2},"end":{"line":123,"column":4}},"13":{"start":{"line":76,"column":40},"end":{"line":76,"column":51}},"14":{"start":{"line":107,"column":10},"end":{"line":119,"column":16}}},"fnMap":{"0":{"name":"(anonymous_0)","decl":{"start":{"line":5,"column":26},"end":{"line":5,"column":27}},"loc":{"start":{"line":5,"column":75},"end":{"line":124,"column":1}},"line":5},"1":{"name":"(anonymous_1)","decl":{"start":{"line":8,"column":12},"end":{"line":8,"column":13}},"loc":{"start":{"line":8,"column":20},"end":{"line":8,"column":44}},"line":8},"2":{"name":"(anonymous_2)","decl":{"start":{"line":9,"column":9},"end":{"line":9,"column":10}},"loc":{"start":{"line":9,"column":17},"end":{"line":19,"column":5}},"line":9},"3":{"name":"(anonymous_3)","decl":{"start":{"line":21,"column":24},"end":{"line":21,"column":25}},"loc":{"start":{"line":21,"column":56},"end":{"line":48,"column":3}},"line":21},"4":{"name":"(anonymous_4)","decl":{"start":{"line":76,"column":29},"end":{"line":76,"column":30}},"loc":{"start":{"line":76,"column":40},"end":{"line":76,"column":51}},"line":76},"5":{"name":"(anonymous_5)","decl":{"start":{"line":106,"column":23},"end":{"line":106,"column":24}},"loc":{"start":{"line":107,"column":10},"end":{"line":119,"column":16}},"line":107}},"branchMap":{"0":{"loc":{"start":{"line":5,"column":36},"end":{"line":5,"column":68}},"type":"default-arg","locations":[{"start":{"line":5,"column":44},"end":{"line":5,"column":68}}],"line":5},"1":{"loc":{"start":{"line":22,"column":4},"end":{"line":46,"column":5}},"type":"if","locations":[{"start":{"line":22,"column":4},"end":{"line":46,"column":5}},{"start":{},"end":{}}],"line":22},"2":{"loc":{"start":{"line":22,"column":8},"end":{"line":22,"column":43}},"type":"binary-expr","locations":[{"start":{"line":22,"column":8},"end":{"line":22,"column":14}},{"start":{"line":22,"column":18},"end":{"line":22,"column":25}},{"start":{"line":22,"column":29},"end":{"line":22,"column":43}}],"line":22},"3":{"loc":{"start":{"line":50,"column":2},"end":{"line":59,"column":3}},"type":"if","locations":[{"start":{"line":50,"column":2},"end":{"line":59,"column":3}},{"start":{},"end":{}}],"line":50}},"s":{"0":0,"1":0,"2":0,"3":0,"4":0,"5":0,"6":0,"7":0,"8":0,"9":0,"10":0,"11":0,"12":0,"13":0,"14":0},"f":{"0":0,"1":0,"2":0,"3":0,"4":0,"5":0},"b":{"0":[0],"1":[0,0],"2":[0,0,0],"3":[0,0]}}
,"/home/prospa/savoon-bank/frontend/src/components/analytics/MonthlyTrendsChart.js": {"path":"/home/prospa/savoon-bank/frontend/src/components/analytics/MonthlyTrendsChart.js","statementMap":{"0":{"start":{"line":4,"column":27},"end":{"line":64,"column":1}},"1":{"start":{"line":5,"column":24},"end":{"line":20,"column":3}},"2":{"start":{"line":6,"column":4},"end":{"line":18,"column":5}},"3":{"start":{"line":7,"column":6},"end":{"line":17,"column":8}},"4":{"start":{"line":11,"column":12},"end":{"line":14,"column":16}},"5":{"start":{"line":19,"column":4},"end":{"line":19,"column":16}},"6":{"start":{"line":22,"column":2},"end":{"line":63,"column":4}},"7":{"start":{"line":37,"column":40},"end":{"line":37,"column":51}}},"fnMap":{"0":{"name":"(anonymous_0)","decl":{"start":{"line":4,"column":27},"end":{"line":4,"column":28}},"loc":{"start":{"line":4,"column":79},"end":{"line":64,"column":1}},"line":4},"1":{"name":"(anonymous_1)","decl":{"start":{"line":5,"column":24},"end":{"line":5,"column":25}},"loc":{"start":{"line":5,"column":56},"end":{"line":20,"column":3}},"line":5},"2":{"name":"(anonymous_2)","decl":{"start":{"line":10,"column":23},"end":{"line":10,"column":24}},"loc":{"start":{"line":11,"column":12},"end":{"line":14,"column":16}},"line":11},"3":{"name":"(anonymous_3)","decl":{"start":{"line":37,"column":29},"end":{"line":37,"column":30}},"loc":{"start":{"line":37,"column":40},"end":{"line":37,"column":51}},"line":37}},"branchMap":{"0":{"loc":{"start":{"line":4,"column":36},"end":{"line":4,"column":72}},"type":"default-arg","locations":[{"start":{"line":4,"column":44},"end":{"line":4,"column":72}}],"line":4},"1":{"loc":{"start":{"line":6,"column":4},"end":{"line":18,"column":5}},"type":"if","locations":[{"start":{"line":6,"column":4},"end":{"line":18,"column":5}},{"start":{},"end":{}}],"line":6},"2":{"loc":{"start":{"line":6,"column":8},"end":{"line":6,"column":43}},"type":"binary-expr","locations":[{"start":{"line":6,"column":8},"end":{"line":6,"column":14}},{"start":{"line":6,"column":18},"end":{"line":6,"column":25}},{"start":{"line":6,"column":29},"end":{"line":6,"column":43}}],"line":6},"3":{"loc":{"start":{"line":13,"column":19},"end":{"line":13,"column":112}},"type":"cond-expr","locations":[{"start":{"line":13,"column":48},"end":{"line":13,"column":56}},{"start":{"line":13,"column":59},"end":{"line":13,"column":112}}],"line":13},"4":{"loc":{"start":{"line":13,"column":59},"end":{"line":13,"column":112}},"type":"cond-expr","locations":[{"start":{"line":13,"column":90},"end":{"line":13,"column":100}},{"start":{"line":13,"column":103},"end":{"line":13,"column":112}}],"line":13}},"s":{"0":0,"1":0,"2":0,"3":0,"4":0,"5":0,"6":0,"7":0},"f":{"0":0,"1":0,"2":0,"3":0},"b":{"0":[0],"1":[0,0],"2":[0,0,0],"3":[0,0],"4":[0,0]}}
,"/home/prospa/savoon-bank/frontend/src/components/analytics/SpendingChart.js": {"path":"/home/prospa/savoon-bank/frontend/src/components/analytics/SpendingChart.js","statementMap":{"0":{"start":{"line":4,"column":22},"end":{"line":51,"column":1}},"1":{"start":{"line":5,"column":24},"end":{"line":18,"column":3}},"2":{"start":{"line":6,"column":4},"end":{"line":16,"column":5}},"3":{"start":{"line":7,"column":6},"end":{"line":15,"column":8}},"4":{"start":{"line":17,"column":4},"end":{"line":17,"column":16}},"5":{"start":{"line":20,"column":2},"end":{"line":50,"column":4}},"6":{"start":{"line":35,"column":40},"end":{"line":35,"column":51}}},"fnMap":{"0":{"name":"(anonymous_0)","decl":{"start":{"line":4,"column":22},"end":{"line":4,"column":23}},"loc":{"start":{"line":4,"column":68},"end":{"line":51,"column":1}},"line":4},"1":{"name":"(anonymous_1)","decl":{"start":{"line":5,"column":24},"end":{"line":5,"column":25}},"loc":{"start":{"line":5,"column":56},"end":{"line":18,"column":3}},"line":5},"2":{"name":"(anonymous_2)","decl":{"start":{"line":35,"column":29},"end":{"line":35,"column":30}},"loc":{"start":{"line":35,"column":40},"end":{"line":35,"column":51}},"line":35}},"branchMap":{"0":{"loc":{"start":{"line":4,"column":31},"end":{"line":4,"column":61}},"type":"default-arg","locations":[{"start":{"line":4,"column":39},"end":{"line":4,"column":61}}],"line":4},"1":{"loc":{"start":{"line":6,"column":4},"end":{"line":16,"column":5}},"type":"if","locations":[{"start":{"line":6,"column":4},"end":{"line":16,"column":5}},{"start":{},"end":{}}],"line":6},"2":{"loc":{"start":{"line":6,"column":8},"end":{"line":6,"column":43}},"type":"binary-expr","locations":[{"start":{"line":6,"column":8},"end":{"line":6,"column":14}},{"start":{"line":6,"column":18},"end":{"line":6,"column":25}},{"start":{"line":6,"column":29},"end":{"line":6,"column":43}}],"line":6}},"s":{"0":0,"1":0,"2":0,"3":0,"4":0,"5":0,"6":0},"f":{"0":0,"1":0,"2":0},"b":{"0":[0],"1":[0,0],"2":[0,0,0]}}
,"/home/prospa/savoon-bank/frontend/src/components/layout/BankLogo.js": {"path":"/home/prospa/savoon-bank/frontend/src/components/layout/BankLogo.js","statementMap":{"0":{"start":{"line":3,"column":17},"end":{"line":195,"column":1}},"1":{"start":{"line":4,"column":50},"end":{"line":4,"column":61}},"2":{"start":{"line":6,"column":25},"end":{"line":42,"column":3}},"3":{"start":{"line":44,"column":2},"end":{"line":52,"column":30}},"4":{"start":{"line":45,"column":21},"end":{"line":49,"column":14}},"5":{"start":{"line":46,"column":6},"end":{"line":48,"column":8}},"6":{"start":{"line":47,"column":8},"end":{"line":47,"column":47}},"7":{"start":{"line":51,"column":4},"end":{"line":51,"column":41}},"8":{"start":{"line":51,"column":17},"end":{"line":51,"column":40}},"9":{"start":{"line":54,"column":22},"end":{"line":54,"column":54}},"10":{"start":{"line":56,"column":2},"end":{"line":194,"column":4}},"11":{"start":{"line":146,"column":12},"end":{"line":158,"column":14}}},"fnMap":{"0":{"name":"(anonymous_0)","decl":{"start":{"line":3,"column":17},"end":{"line":3,"column":18}},"loc":{"start":{"line":3,"column":23},"end":{"line":195,"column":1}},"line":3},"1":{"name":"(anonymous_1)","decl":{"start":{"line":44,"column":12},"end":{"line":44,"column":13}},"loc":{"start":{"line":44,"column":18},"end":{"line":52,"column":3}},"line":44},"2":{"name":"(anonymous_2)","decl":{"start":{"line":45,"column":33},"end":{"line":45,"column":34}},"loc":{"start":{"line":45,"column":39},"end":{"line":49,"column":5}},"line":45},"3":{"name":"(anonymous_3)","decl":{"start":{"line":46,"column":26},"end":{"line":46,"column":27}},"loc":{"start":{"line":47,"column":8},"end":{"line":47,"column":47}},"line":47},"4":{"name":"(anonymous_4)","decl":{"start":{"line":51,"column":11},"end":{"line":51,"column":12}},"loc":{"start":{"line":51,"column":17},"end":{"line":51,"column":40}},"line":51},"5":{"name":"(anonymous_5)","decl":{"start":{"line":145,"column":30},"end":{"line":145,"column":31}},"loc":{"start":{"line":146,"column":12},"end":{"line":158,"column":14}},"line":146}},"branchMap":{"0":{"loc":{"start":{"line":152,"column":28},"end":{"line":154,"column":46}},"type":"cond-expr","locations":[{"start":{"line":153,"column":20},"end":{"line":153,"column":46}},{"start":{"line":154,"column":20},"end":{"line":154,"column":46}}],"line":152},"1":{"loc":{"start":{"line":156,"column":27},"end":{"line":156,"column":81}},"type":"cond-expr","locations":[{"start":{"line":156,"column":56},"end":{"line":156,"column":68}},{"start":{"line":156,"column":71},"end":{"line":156,"column":81}}],"line":156}},"s":{"0":0,"1":0,"2":0,"3":0,"4":0,"5":0,"6":0,"7":0,"8":0,"9":0,"10":0,"11":0},"f":{"0":0,"1":0,"2":0,"3":0,"4":0,"5":0},"b":{"0":[0,0],"1":[0,0]}}
,"/home/prospa/savoon-bank/frontend/src/components/layout/Footer.js": {"path":"/home/prospa/savoon-bank/frontend/src/components/layout/Footer.js","statementMap":{"0":{"start":{"line":3,"column":15},"end":{"line":31,"column":1}},"1":{"start":{"line":4,"column":2},"end":{"line":30,"column":4}}},"fnMap":{"0":{"name":"(anonymous_0)","decl":{"start":{"line":3,"column":15},"end":{"line":3,"column":16}},"loc":{"start":{"line":3,"column":21},"end":{"line":31,"column":1}},"line":3}},"branchMap":{},"s":{"0":0,"1":0},"f":{"0":0},"b":{}}
,"/home/prospa/savoon-bank/frontend/src/components/layout/Navbar.js": {"path":"/home/prospa/savoon-bank/frontend/src/components/layout/Navbar.js","statementMap":{"0":{"start":{"line":6,"column":15},"end":{"line":97,"column":1}},"1":{"start":{"line":7,"column":22},"end":{"line":7,"column":45}},"2":{"start":{"line":8,"column":29},"end":{"line":8,"column":59}},"3":{"start":{"line":10,"column":44},"end":{"line":10,"column":55}},"4":{"start":{"line":11,"column":32},"end":{"line":11,"column":50}},"5":{"start":{"line":13,"column":19},"end":{"line":16,"column":3}},"6":{"start":{"line":14,"column":4},"end":{"line":14,"column":13}},"7":{"start":{"line":15,"column":4},"end":{"line":15,"column":24}},"8":{"start":{"line":19,"column":4},"end":{"line":60,"column":7}},"9":{"start":{"line":64,"column":4},"end":{"line":83,"column":7}},"10":{"start":{"line":86,"column":2},"end":{"line":96,"column":4}}},"fnMap":{"0":{"name":"(anonymous_0)","decl":{"start":{"line":6,"column":15},"end":{"line":6,"column":16}},"loc":{"start":{"line":6,"column":21},"end":{"line":97,"column":1}},"line":6},"1":{"name":"(anonymous_1)","decl":{"start":{"line":13,"column":19},"end":{"line":13,"column":20}},"loc":{"start":{"line":13,"column":25},"end":{"line":16,"column":3}},"line":13}},"branchMap":{"0":{"loc":{"start":{"line":53,"column":18},"end":{"line":53,"column":38}},"type":"binary-expr","locations":[{"start":{"line":53,"column":18},"end":{"line":53,"column":28}},{"start":{"line":53,"column":32},"end":{"line":53,"column":38}}],"line":53},"1":{"loc":{"start":{"line":89,"column":18},"end":{"line":89,"column":54}},"type":"cond-expr","locations":[{"start":{"line":89,"column":36},"end":{"line":89,"column":48}},{"start":{"line":89,"column":51},"end":{"line":89,"column":54}}],"line":89},"2":{"loc":{"start":{"line":94,"column":11},"end":{"line":94,"column":51}},"type":"cond-expr","locations":[{"start":{"line":94,"column":29},"end":{"line":94,"column":38}},{"start":{"line":94,"column":41},"end":{"line":94,"column":51}}],"line":94}},"s":{"0":0,"1":0,"2":0,"3":0,"4":0,"5":0,"6":0,"7":0,"8":0,"9":0,"10":0},"f":{"0":0,"1":0},"b":{"0":[0,0],"1":[0,0],"2":[0,0]}}
,"/home/prospa/savoon-bank/frontend/src/components/routing/PrivateRoute.js": {"path":"/home/prospa/savoon-bank/frontend/src/components/routing/PrivateRoute.js","statementMap":{"0":{"start":{"line":5,"column":21},"end":{"line":23,"column":1}},"1":{"start":{"line":6,"column":22},"end":{"line":6,"column":45}},"2":{"start":{"line":7,"column":39},"end":{"line":7,"column":50}},"3":{"start":{"line":9,"column":2},"end":{"line":20,"column":3}},"4":{"start":{"line":10,"column":4},"end":{"line":19,"column":6}},"5":{"start":{"line":22,"column":2},"end":{"line":22,"column":76}}},"fnMap":{"0":{"name":"(anonymous_0)","decl":{"start":{"line":5,"column":21},"end":{"line":5,"column":22}},"loc":{"start":{"line":5,"column":51},"end":{"line":23,"column":1}},"line":5}},"branchMap":{"0":{"loc":{"start":{"line":9,"column":2},"end":{"line":20,"column":3}},"type":"if","locations":[{"start":{"line":9,"column":2},"end":{"line":20,"column":3}},{"start":{},"end":{}}],"line":9},"1":{"loc":{"start":{"line":22,"column":9},"end":{"line":22,"column":75}},"type":"cond-expr","locations":[{"start":{"line":22,"column":27},"end":{"line":22,"column":40}},{"start":{"line":22,"column":43},"end":{"line":22,"column":75}}],"line":22}},"s":{"0":0,"1":0,"2":0,"3":0,"4":0,"5":0},"f":{"0":0},"b":{"0":[0,0],"1":[0,0]}}
,"/home/prospa/savoon-bank/frontend/src/context/types.js": {"path":"/home/prospa/savoon-bank/frontend/src/context/types.js","statementMap":{"0":{"start":{"line":2,"column":32},"end":{"line":2,"column":50}},"1":{"start":{"line":3,"column":29},"end":{"line":3,"column":44}},"2":{"start":{"line":4,"column":27},"end":{"line":4,"column":40}},"3":{"start":{"line":5,"column":26},"end":{"line":5,"column":38}},"4":{"start":{"line":6,"column":29},"end":{"line":6,"column":44}},"5":{"start":{"line":7,"column":26},"end":{"line":7,"column":38}},"6":{"start":{"line":8,"column":22},"end":{"line":8,"column":30}},"7":{"start":{"line":9,"column":28},"end":{"line":9,"column":42}},"8":{"start":{"line":12,"column":32},"end":{"line":12,"column":50}},"9":{"start":{"line":13,"column":31},"end":{"line":13,"column":48}},"10":{"start":{"line":14,"column":33},"end":{"line":14,"column":52}},"11":{"start":{"line":15,"column":27},"end":{"line":15,"column":40}},"12":{"start":{"line":16,"column":34},"end":{"line":16,"column":54}},"13":{"start":{"line":19,"column":34},"end":{"line":19,"column":54}},"14":{"start":{"line":20,"column":31},"end":{"line":20,"column":48}},"15":{"start":{"line":21,"column":37},"end":{"line":21,"column":60}},"16":{"start":{"line":22,"column":30},"end":{"line":22,"column":46}},"17":{"start":{"line":23,"column":31},"end":{"line":23,"column":48}}},"fnMap":{},"branchMap":{},"s":{"0":0,"1":0,"2":0,"3":0,"4":0,"5":0,"6":0,"7":0,"8":0,"9":0,"10":0,"11":0,"12":0,"13":0,"14":0,"15":0,"16":0,"17":0},"f":{},"b":{}}
,"/home/prospa/savoon-bank/frontend/src/context/analytics/AnalyticsState.js": {"path":"/home/prospa/savoon-bank/frontend/src/context/analytics/AnalyticsState.js","statementMap":{"0":{"start":{"line":19,"column":23},"end":{"line":103,"column":1}},"1":{"start":{"line":20,"column":23},"end":{"line":28,"column":3}},"2":{"start":{"line":30,"column":28},"end":{"line":30,"column":70}},"3":{"start":{"line":33,"column":32},"end":{"line":70,"column":3}},"4":{"start":{"line":34,"column":4},"end":{"line":69,"column":5}},"5":{"start":{"line":35,"column":6},"end":{"line":35,"column":19}},"6":{"start":{"line":38,"column":28},"end":{"line":38,"column":84}},"7":{"start":{"line":41,"column":28},"end":{"line":41,"column":65}},"8":{"start":{"line":44,"column":20},"end":{"line":44,"column":39}},"9":{"start":{"line":47,"column":23},"end":{"line":47,"column":69}},"10":{"start":{"line":49,"column":22},"end":{"line":55,"column":7}},"11":{"start":{"line":57,"column":6},"end":{"line":60,"column":9}},"12":{"start":{"line":62,"column":6},"end":{"line":62,"column":21}},"13":{"start":{"line":64,"column":6},"end":{"line":67,"column":9}},"14":{"start":{"line":68,"column":6},"end":{"line":68,"column":16}},"15":{"start":{"line":73,"column":23},"end":{"line":78,"column":3}},"16":{"start":{"line":74,"column":4},"end":{"line":77,"column":7}},"17":{"start":{"line":81,"column":25},"end":{"line":83,"column":3}},"18":{"start":{"line":82,"column":4},"end":{"line":82,"column":40}},"19":{"start":{"line":86,"column":21},"end":{"line":86,"column":68}},"20":{"start":{"line":86,"column":27},"end":{"line":86,"column":68}},"21":{"start":{"line":88,"column":2},"end":{"line":102,"column":4}}},"fnMap":{"0":{"name":"(anonymous_0)","decl":{"start":{"line":19,"column":23},"end":{"line":19,"column":24}},"loc":{"start":{"line":19,"column":32},"end":{"line":103,"column":1}},"line":19},"1":{"name":"(anonymous_1)","decl":{"start":{"line":33,"column":32},"end":{"line":33,"column":33}},"loc":{"start":{"line":33,"column":72},"end":{"line":70,"column":3}},"line":33},"2":{"name":"(anonymous_2)","decl":{"start":{"line":73,"column":23},"end":{"line":73,"column":24}},"loc":{"start":{"line":73,"column":34},"end":{"line":78,"column":3}},"line":73},"3":{"name":"(anonymous_3)","decl":{"start":{"line":81,"column":25},"end":{"line":81,"column":26}},"loc":{"start":{"line":81,"column":31},"end":{"line":83,"column":3}},"line":81},"4":{"name":"(anonymous_4)","decl":{"start":{"line":86,"column":21},"end":{"line":86,"column":22}},"loc":{"start":{"line":86,"column":27},"end":{"line":86,"column":68}},"line":86}},"branchMap":{"0":{"loc":{"start":{"line":33,"column":53},"end":{"line":33,"column":67}},"type":"default-arg","locations":[{"start":{"line":33,"column":65},"end":{"line":33,"column":67}}],"line":33},"1":{"loc":{"start":{"line":66,"column":17},"end":{"line":66,"column":67}},"type":"binary-expr","locations":[{"start":{"line":66,"column":17},"end":{"line":66,"column":28}},{"start":{"line":66,"column":32},"end":{"line":66,"column":67}}],"line":66}},"s":{"0":0,"1":0,"2":0,"3":0,"4":0,"5":0,"6":0,"7":0,"8":0,"9":0,"10":0,"11":0,"12":0,"13":0,"14":0,"15":0,"16":0,"17":0,"18":0,"19":0,"20":0,"21":0},"f":{"0":0,"1":0,"2":0,"3":0,"4":0},"b":{"0":[0],"1":[0,0]}}
,"/home/prospa/savoon-bank/frontend/src/context/analytics/analyticsContext.js": {"path":"/home/prospa/savoon-bank/frontend/src/context/analytics/analyticsContext.js","statementMap":{"0":{"start":{"line":3,"column":25},"end":{"line":3,"column":40}}},"fnMap":{},"branchMap":{},"s":{"0":0},"f":{},"b":{}}
,"/home/prospa/savoon-bank/frontend/src/context/analytics/analyticsReducer.js": {"path":"/home/prospa/savoon-bank/frontend/src/context/analytics/analyticsReducer.js","statementMap":{"0":{"start":{"line":9,"column":25},"end":{"line":45,"column":1}},"1":{"start":{"line":10,"column":2},"end":{"line":44,"column":3}},"2":{"start":{"line":12,"column":6},"end":{"line":17,"column":8}},"3":{"start":{"line":19,"column":6},"end":{"line":23,"column":8}},"4":{"start":{"line":25,"column":6},"end":{"line":29,"column":8}},"5":{"start":{"line":31,"column":6},"end":{"line":34,"column":8}},"6":{"start":{"line":36,"column":6},"end":{"line":41,"column":8}},"7":{"start":{"line":43,"column":6},"end":{"line":43,"column":19}}},"fnMap":{"0":{"name":"(anonymous_0)","decl":{"start":{"line":9,"column":25},"end":{"line":9,"column":26}},"loc":{"start":{"line":9,"column":44},"end":{"line":45,"column":1}},"line":9}},"branchMap":{"0":{"loc":{"start":{"line":10,"column":2},"end":{"line":44,"column":3}},"type":"switch","locations":[{"start":{"line":11,"column":4},"end":{"line":17,"column":8}},{"start":{"line":18,"column":4},"end":{"line":23,"column":8}},{"start":{"line":24,"column":4},"end":{"line":29,"column":8}},{"start":{"line":30,"column":4},"end":{"line":34,"column":8}},{"start":{"line":35,"column":4},"end":{"line":41,"column":8}},{"start":{"line":42,"column":4},"end":{"line":43,"column":19}}],"line":10}},"s":{"0":0,"1":0,"2":0,"3":0,"4":0,"5":0,"6":0,"7":0},"f":{"0":0},"b":{"0":[0,0,0,0,0,0]}}
,"/home/prospa/savoon-bank/frontend/src/context/auth/AuthState.js": {"path":"/home/prospa/savoon-bank/frontend/src/context/auth/AuthState.js","statementMap":{"0":{"start":{"line":18,"column":18},"end":{"line":229,"column":1}},"1":{"start":{"line":19,"column":23},"end":{"line":25,"column":3}},"2":{"start":{"line":27,"column":28},"end":{"line":27,"column":65}},"3":{"start":{"line":30,"column":2},"end":{"line":34,"column":9}},"4":{"start":{"line":31,"column":4},"end":{"line":33,"column":5}},"5":{"start":{"line":32,"column":6},"end":{"line":32,"column":17}},"6":{"start":{"line":37,"column":19},"end":{"line":73,"column":3}},"7":{"start":{"line":38,"column":18},"end":{"line":38,"column":47}},"8":{"start":{"line":39,"column":4},"end":{"line":44,"column":5}},"9":{"start":{"line":40,"column":6},"end":{"line":40,"column":26}},"10":{"start":{"line":42,"column":6},"end":{"line":42,"column":37}},"11":{"start":{"line":43,"column":6},"end":{"line":43,"column":13}},"12":{"start":{"line":46,"column":4},"end":{"line":72,"column":5}},"13":{"start":{"line":48,"column":6},"end":{"line":55,"column":7}},"14":{"start":{"line":50,"column":8},"end":{"line":50,"column":46}},"15":{"start":{"line":53,"column":8},"end":{"line":53,"column":49}},"16":{"start":{"line":54,"column":8},"end":{"line":54,"column":35}},"17":{"start":{"line":57,"column":23},"end":{"line":57,"column":71}},"18":{"start":{"line":60,"column":6},"end":{"line":60,"column":68}},"19":{"start":{"line":62,"column":6},"end":{"line":65,"column":9}},"20":{"start":{"line":67,"column":6},"end":{"line":67,"column":45}},"21":{"start":{"line":68,"column":6},"end":{"line":68,"column":39}},"22":{"start":{"line":69,"column":6},"end":{"line":69,"column":45}},"23":{"start":{"line":70,"column":6},"end":{"line":70,"column":25}},"24":{"start":{"line":71,"column":6},"end":{"line":71,"column":37}},"25":{"start":{"line":76,"column":19},"end":{"line":125,"column":3}},"26":{"start":{"line":77,"column":19},"end":{"line":81,"column":5}},"27":{"start":{"line":83,"column":4},"end":{"line":124,"column":5}},"28":{"start":{"line":85,"column":6},"end":{"line":92,"column":7}},"29":{"start":{"line":87,"column":8},"end":{"line":87,"column":71}},"30":{"start":{"line":90,"column":8},"end":{"line":90,"column":49}},"31":{"start":{"line":91,"column":8},"end":{"line":91,"column":83}},"32":{"start":{"line":95,"column":6},"end":{"line":98,"column":7}},"33":{"start":{"line":97,"column":8},"end":{"line":97,"column":24}},"34":{"start":{"line":100,"column":6},"end":{"line":103,"column":9}},"35":{"start":{"line":106,"column":6},"end":{"line":109,"column":7}},"36":{"start":{"line":107,"column":8},"end":{"line":107,"column":54}},"37":{"start":{"line":108,"column":8},"end":{"line":108,"column":37}},"38":{"start":{"line":112,"column":6},"end":{"line":114,"column":7}},"39":{"start":{"line":113,"column":8},"end":{"line":113,"column":75}},"40":{"start":{"line":116,"column":6},"end":{"line":116,"column":23}},"41":{"start":{"line":117,"column":6},"end":{"line":117,"column":22}},"42":{"start":{"line":119,"column":6},"end":{"line":122,"column":9}},"43":{"start":{"line":123,"column":6},"end":{"line":123,"column":16}},"44":{"start":{"line":128,"column":16},"end":{"line":171,"column":3}},"45":{"start":{"line":129,"column":19},"end":{"line":133,"column":5}},"46":{"start":{"line":135,"column":4},"end":{"line":170,"column":5}},"47":{"start":{"line":137,"column":6},"end":{"line":144,"column":7}},"48":{"start":{"line":139,"column":8},"end":{"line":139,"column":68}},"49":{"start":{"line":142,"column":8},"end":{"line":142,"column":49}},"50":{"start":{"line":143,"column":8},"end":{"line":143,"column":65}},"51":{"start":{"line":146,"column":6},"end":{"line":149,"column":9}},"52":{"start":{"line":152,"column":6},"end":{"line":155,"column":7}},"53":{"start":{"line":153,"column":8},"end":{"line":153,"column":54}},"54":{"start":{"line":154,"column":8},"end":{"line":154,"column":37}},"55":{"start":{"line":158,"column":6},"end":{"line":160,"column":7}},"56":{"start":{"line":159,"column":8},"end":{"line":159,"column":75}},"57":{"start":{"line":163,"column":6},"end":{"line":163,"column":23}},"58":{"start":{"line":165,"column":6},"end":{"line":168,"column":9}},"59":{"start":{"line":169,"column":6},"end":{"line":169,"column":16}},"60":{"start":{"line":174,"column":23},"end":{"line":194,"column":3}},"61":{"start":{"line":175,"column":4},"end":{"line":193,"column":5}},"62":{"start":{"line":177,"column":6},"end":{"line":189,"column":7}},"63":{"start":{"line":179,"column":36},"end":{"line":179,"column":99}},"64":{"start":{"line":181,"column":8},"end":{"line":188,"column":9}},"65":{"start":{"line":183,"column":10},"end":{"line":183,"column":57}},"66":{"start":{"line":184,"column":10},"end":{"line":184,"column":57}},"67":{"start":{"line":185,"column":10},"end":{"line":185,"column":50}},"68":{"start":{"line":187,"column":10},"end":{"line":187,"column":35}},"69":{"start":{"line":190,"column":6},"end":{"line":190,"column":51}},"70":{"start":{"line":192,"column":6},"end":{"line":192,"column":16}},"71":{"start":{"line":197,"column":17},"end":{"line":205,"column":3}},"72":{"start":{"line":198,"column":4},"end":{"line":198,"column":37}},"73":{"start":{"line":199,"column":4},"end":{"line":199,"column":43}},"74":{"start":{"line":200,"column":4},"end":{"line":200,"column":46}},"75":{"start":{"line":201,"column":4},"end":{"line":201,"column":51}},"76":{"start":{"line":202,"column":4},"end":{"line":202,"column":44}},"77":{"start":{"line":203,"column":4},"end":{"line":203,"column":23}},"78":{"start":{"line":204,"column":4},"end":{"line":204,"column":31}},"79":{"start":{"line":208,"column":22},"end":{"line":208,"column":60}},"80":{"start":{"line":208,"column":28},"end":{"line":208,"column":60}},"81":{"start":{"line":210,"column":2},"end":{"line":228,"column":4}}},"fnMap":{"0":{"name":"(anonymous_0)","decl":{"start":{"line":18,"column":18},"end":{"line":18,"column":19}},"loc":{"start":{"line":18,"column":27},"end":{"line":229,"column":1}},"line":18},"1":{"name":"(anonymous_1)","decl":{"start":{"line":30,"column":12},"end":{"line":30,"column":13}},"loc":{"start":{"line":30,"column":18},"end":{"line":34,"column":3}},"line":30},"2":{"name":"(anonymous_2)","decl":{"start":{"line":37,"column":19},"end":{"line":37,"column":20}},"loc":{"start":{"line":37,"column":31},"end":{"line":73,"column":3}},"line":37},"3":{"name":"(anonymous_3)","decl":{"start":{"line":76,"column":19},"end":{"line":76,"column":20}},"loc":{"start":{"line":76,"column":37},"end":{"line":125,"column":3}},"line":76},"4":{"name":"(anonymous_4)","decl":{"start":{"line":128,"column":16},"end":{"line":128,"column":17}},"loc":{"start":{"line":128,"column":34},"end":{"line":171,"column":3}},"line":128},"5":{"name":"(anonymous_5)","decl":{"start":{"line":174,"column":23},"end":{"line":174,"column":24}},"loc":{"start":{"line":174,"column":46},"end":{"line":194,"column":3}},"line":174},"6":{"name":"(anonymous_6)","decl":{"start":{"line":197,"column":17},"end":{"line":197,"column":18}},"loc":{"start":{"line":197,"column":23},"end":{"line":205,"column":3}},"line":197},"7":{"name":"(anonymous_7)","decl":{"start":{"line":208,"column":22},"end":{"line":208,"column":23}},"loc":{"start":{"line":208,"column":28},"end":{"line":208,"column":60}},"line":208}},"branchMap":{"0":{"loc":{"start":{"line":21,"column":21},"end":{"line":21,"column":65}},"type":"cond-expr","locations":[{"start":{"line":21,"column":53},"end":{"line":21,"column":57}},{"start":{"line":21,"column":60},"end":{"line":21,"column":65}}],"line":21},"1":{"loc":{"start":{"line":23,"column":21},"end":{"line":23,"column":66}},"type":"binary-expr","locations":[{"start":{"line":23,"column":21},"end":{"line":23,"column":56}},{"start":{"line":23,"column":60},"end":{"line":23,"column":66}}],"line":23},"2":{"loc":{"start":{"line":31,"column":4},"end":{"line":33,"column":5}},"type":"if","locations":[{"start":{"line":31,"column":4},"end":{"line":33,"column":5}},{"start":{},"end":{}}],"line":31},"3":{"loc":{"start":{"line":39,"column":4},"end":{"line":44,"column":5}},"type":"if","locations":[{"start":{"line":39,"column":4},"end":{"line":44,"column":5}},{"start":{"line":41,"column":11},"end":{"line":44,"column":5}}],"line":39},"4":{"loc":{"start":{"line":57,"column":23},"end":{"line":57,"column":71}},"type":"binary-expr","locations":[{"start":{"line":57,"column":23},"end":{"line":57,"column":42}},{"start":{"line":57,"column":46},"end":{"line":57,"column":59}},{"start":{"line":57,"column":63},"end":{"line":57,"column":71}}],"line":57},"5":{"loc":{"start":{"line":95,"column":6},"end":{"line":98,"column":7}},"type":"if","locations":[{"start":{"line":95,"column":6},"end":{"line":98,"column":7}},{"start":{},"end":{}}],"line":95},"6":{"loc":{"start":{"line":106,"column":6},"end":{"line":109,"column":7}},"type":"if","locations":[{"start":{"line":106,"column":6},"end":{"line":109,"column":7}},{"start":{},"end":{}}],"line":106},"7":{"loc":{"start":{"line":112,"column":6},"end":{"line":114,"column":7}},"type":"if","locations":[{"start":{"line":112,"column":6},"end":{"line":114,"column":7}},{"start":{},"end":{}}],"line":112},"8":{"loc":{"start":{"line":121,"column":17},"end":{"line":121,"column":84}},"type":"binary-expr","locations":[{"start":{"line":121,"column":17},"end":{"line":121,"column":44}},{"start":{"line":121,"column":48},"end":{"line":121,"column":59}},{"start":{"line":121,"column":63},"end":{"line":121,"column":84}}],"line":121},"9":{"loc":{"start":{"line":152,"column":6},"end":{"line":155,"column":7}},"type":"if","locations":[{"start":{"line":152,"column":6},"end":{"line":155,"column":7}},{"start":{},"end":{}}],"line":152},"10":{"loc":{"start":{"line":158,"column":6},"end":{"line":160,"column":7}},"type":"if","locations":[{"start":{"line":158,"column":6},"end":{"line":160,"column":7}},{"start":{},"end":{}}],"line":158},"11":{"loc":{"start":{"line":167,"column":17},"end":{"line":167,"column":77}},"type":"binary-expr","locations":[{"start":{"line":167,"column":17},"end":{"line":167,"column":44}},{"start":{"line":167,"column":48},"end":{"line":167,"column":59}},{"start":{"line":167,"column":63},"end":{"line":167,"column":77}}],"line":167},"12":{"loc":{"start":{"line":177,"column":6},"end":{"line":189,"column":7}},"type":"if","locations":[{"start":{"line":177,"column":6},"end":{"line":189,"column":7}},{"start":{},"end":{}}],"line":177},"13":{"loc":{"start":{"line":177,"column":10},"end":{"line":177,"column":35}},"type":"binary-expr","locations":[{"start":{"line":177,"column":10},"end":{"line":177,"column":14}},{"start":{"line":177,"column":18},"end":{"line":177,"column":35}}],"line":177},"14":{"loc":{"start":{"line":179,"column":47},"end":{"line":179,"column":98}},"type":"binary-expr","locations":[{"start":{"line":179,"column":47},"end":{"line":179,"column":90}},{"start":{"line":179,"column":94},"end":{"line":179,"column":98}}],"line":179},"15":{"loc":{"start":{"line":181,"column":8},"end":{"line":188,"column":9}},"type":"if","locations":[{"start":{"line":181,"column":8},"end":{"line":188,"column":9}},{"start":{},"end":{}}],"line":181}},"s":{"0":0,"1":0,"2":0,"3":0,"4":0,"5":0,"6":0,"7":0,"8":0,"9":0,"10":0,"11":0,"12":0,"13":0,"14":0,"15":0,"16":0,"17":0,"18":0,"19":0,"20":0,"21":0,"22":0,"23":0,"24":0,"25":0,"26":0,"27":0,"28":0,"29":0,"30":0,"31":0,"32":0,"33":0,"34":0,"35":0,"36":0,"37":0,"38":0,"39":0,"40":0,"41":0,"42":0,"43":0,"44":0,"45":0,"46":0,"47":0,"48":0,"49":0,"50":0,"51":0,"52":0,"53":0,"54":0,"55":0,"56":0,"57":0,"58":0,"59":0,"60":0,"61":0,"62":0,"63":0,"64":0,"65":0,"66":0,"67":0,"68":0,"69":0,"70":0,"71":0,"72":0,"73":0,"74":0,"75":0,"76":0,"77":0,"78":0,"79":0,"80":0,"81":0},"f":{"0":0,"1":0,"2":0,"3":0,"4":0,"5":0,"6":0,"7":0},"b":{"0":[0,0],"1":[0,0],"2":[0,0],"3":[0,0],"4":[0,0,0],"5":[0,0],"6":[0,0],"7":[0,0],"8":[0,0,0],"9":[0,0],"10":[0,0],"11":[0,0,0],"12":[0,0],"13":[0,0],"14":[0,0],"15":[0,0]}}
,"/home/prospa/savoon-bank/frontend/src/context/auth/authContext.js": {"path":"/home/prospa/savoon-bank/frontend/src/context/auth/authContext.js","statementMap":{"0":{"start":{"line":3,"column":20},"end":{"line":3,"column":35}}},"fnMap":{},"branchMap":{},"s":{"0":0},"f":{},"b":{}}
,"/home/prospa/savoon-bank/frontend/src/context/auth/authReducer.js": {"path":"/home/prospa/savoon-bank/frontend/src/context/auth/authReducer.js","statementMap":{"0":{"start":{"line":12,"column":20},"end":{"line":51,"column":1}},"1":{"start":{"line":13,"column":2},"end":{"line":50,"column":3}},"2":{"start":{"line":15,"column":6},"end":{"line":20,"column":8}},"3":{"start":{"line":23,"column":6},"end":{"line":23,"column":58}},"4":{"start":{"line":24,"column":6},"end":{"line":29,"column":8}},"5":{"start":{"line":34,"column":6},"end":{"line":34,"column":39}},"6":{"start":{"line":35,"column":6},"end":{"line":42,"column":8}},"7":{"start":{"line":44,"column":6},"end":{"line":47,"column":8}},"8":{"start":{"line":49,"column":6},"end":{"line":49,"column":19}}},"fnMap":{"0":{"name":"(anonymous_0)","decl":{"start":{"line":12,"column":20},"end":{"line":12,"column":21}},"loc":{"start":{"line":12,"column":39},"end":{"line":51,"column":1}},"line":12}},"branchMap":{"0":{"loc":{"start":{"line":13,"column":2},"end":{"line":50,"column":3}},"type":"switch","locations":[{"start":{"line":14,"column":4},"end":{"line":20,"column":8}},{"start":{"line":21,"column":4},"end":{"line":21,"column":26}},{"start":{"line":22,"column":4},"end":{"line":29,"column":8}},{"start":{"line":30,"column":4},"end":{"line":30,"column":23}},{"start":{"line":31,"column":4},"end":{"line":31,"column":20}},{"start":{"line":32,"column":4},"end":{"line":32,"column":20}},{"start":{"line":33,"column":4},"end":{"line":42,"column":8}},{"start":{"line":43,"column":4},"end":{"line":47,"column":8}},{"start":{"line":48,"column":4},"end":{"line":49,"column":19}}],"line":13}},"s":{"0":0,"1":0,"2":0,"3":0,"4":0,"5":0,"6":0,"7":0,"8":0},"f":{"0":0},"b":{"0":[0,0,0,0,0,0,0,0,0]}}
,"/home/prospa/savoon-bank/frontend/src/context/transaction/TransactionState.js": {"path":"/home/prospa/savoon-bank/frontend/src/context/transaction/TransactionState.js","statementMap":{"0":{"start":{"line":14,"column":25},"end":{"line":142,"column":1}},"1":{"start":{"line":15,"column":23},"end":{"line":19,"column":3}},"2":{"start":{"line":21,"column":28},"end":{"line":21,"column":72}},"3":{"start":{"line":24,"column":26},"end":{"line":47,"column":3}},"4":{"start":{"line":25,"column":4},"end":{"line":46,"column":5}},"5":{"start":{"line":26,"column":6},"end":{"line":26,"column":19}},"6":{"start":{"line":28,"column":6},"end":{"line":35,"column":7}},"7":{"start":{"line":30,"column":8},"end":{"line":30,"column":51}},"8":{"start":{"line":33,"column":8},"end":{"line":33,"column":47}},"9":{"start":{"line":34,"column":8},"end":{"line":34,"column":42}},"10":{"start":{"line":37,"column":6},"end":{"line":40,"column":9}},"11":{"start":{"line":42,"column":6},"end":{"line":45,"column":9}},"12":{"start":{"line":50,"column":25},"end":{"line":82,"column":3}},"13":{"start":{"line":51,"column":19},"end":{"line":55,"column":5}},"14":{"start":{"line":57,"column":4},"end":{"line":81,"column":5}},"15":{"start":{"line":58,"column":6},"end":{"line":58,"column":19}},"16":{"start":{"line":60,"column":6},"end":{"line":67,"column":7}},"17":{"start":{"line":62,"column":8},"end":{"line":62,"column":79}},"18":{"start":{"line":65,"column":8},"end":{"line":65,"column":53}},"19":{"start":{"line":66,"column":8},"end":{"line":66,"column":52}},"20":{"start":{"line":69,"column":6},"end":{"line":72,"column":9}},"21":{"start":{"line":74,"column":6},"end":{"line":74,"column":38}},"22":{"start":{"line":76,"column":6},"end":{"line":79,"column":9}},"23":{"start":{"line":80,"column":6},"end":{"line":80,"column":16}},"24":{"start":{"line":85,"column":20},"end":{"line":117,"column":3}},"25":{"start":{"line":86,"column":19},"end":{"line":90,"column":5}},"26":{"start":{"line":92,"column":4},"end":{"line":116,"column":5}},"27":{"start":{"line":93,"column":6},"end":{"line":93,"column":19}},"28":{"start":{"line":95,"column":6},"end":{"line":102,"column":7}},"29":{"start":{"line":97,"column":8},"end":{"line":97,"column":79}},"30":{"start":{"line":100,"column":8},"end":{"line":100,"column":48}},"31":{"start":{"line":101,"column":8},"end":{"line":101,"column":42}},"32":{"start":{"line":104,"column":6},"end":{"line":107,"column":9}},"33":{"start":{"line":109,"column":6},"end":{"line":109,"column":38}},"34":{"start":{"line":111,"column":6},"end":{"line":114,"column":9}},"35":{"start":{"line":115,"column":6},"end":{"line":115,"column":16}},"36":{"start":{"line":120,"column":28},"end":{"line":122,"column":3}},"37":{"start":{"line":121,"column":4},"end":{"line":121,"column":43}},"38":{"start":{"line":125,"column":21},"end":{"line":125,"column":58}},"39":{"start":{"line":125,"column":27},"end":{"line":125,"column":58}},"40":{"start":{"line":127,"column":2},"end":{"line":141,"column":4}}},"fnMap":{"0":{"name":"(anonymous_0)","decl":{"start":{"line":14,"column":25},"end":{"line":14,"column":26}},"loc":{"start":{"line":14,"column":34},"end":{"line":142,"column":1}},"line":14},"1":{"name":"(anonymous_1)","decl":{"start":{"line":24,"column":26},"end":{"line":24,"column":27}},"loc":{"start":{"line":24,"column":38},"end":{"line":47,"column":3}},"line":24},"2":{"name":"(anonymous_2)","decl":{"start":{"line":50,"column":25},"end":{"line":50,"column":26}},"loc":{"start":{"line":50,"column":46},"end":{"line":82,"column":3}},"line":50},"3":{"name":"(anonymous_3)","decl":{"start":{"line":85,"column":20},"end":{"line":85,"column":21}},"loc":{"start":{"line":85,"column":38},"end":{"line":117,"column":3}},"line":85},"4":{"name":"(anonymous_4)","decl":{"start":{"line":120,"column":28},"end":{"line":120,"column":29}},"loc":{"start":{"line":120,"column":34},"end":{"line":122,"column":3}},"line":120},"5":{"name":"(anonymous_5)","decl":{"start":{"line":125,"column":21},"end":{"line":125,"column":22}},"loc":{"start":{"line":125,"column":27},"end":{"line":125,"column":58}},"line":125}},"branchMap":{"0":{"loc":{"start":{"line":44,"column":17},"end":{"line":44,"column":92}},"type":"binary-expr","locations":[{"start":{"line":44,"column":17},"end":{"line":44,"column":44}},{"start":{"line":44,"column":48},"end":{"line":44,"column":59}},{"start":{"line":44,"column":63},"end":{"line":44,"column":92}}],"line":44},"1":{"loc":{"start":{"line":78,"column":17},"end":{"line":78,"column":83}},"type":"binary-expr","locations":[{"start":{"line":78,"column":17},"end":{"line":78,"column":44}},{"start":{"line":78,"column":48},"end":{"line":78,"column":59}},{"start":{"line":78,"column":63},"end":{"line":78,"column":83}}],"line":78},"2":{"loc":{"start":{"line":113,"column":17},"end":{"line":113,"column":87}},"type":"binary-expr","locations":[{"start":{"line":113,"column":17},"end":{"line":113,"column":44}},{"start":{"line":113,"column":48},"end":{"line":113,"column":59}},{"start":{"line":113,"column":63},"end":{"line":113,"column":87}}],"line":113}},"s":{"0":0,"1":0,"2":0,"3":0,"4":0,"5":0,"6":0,"7":0,"8":0,"9":0,"10":0,"11":0,"12":0,"13":0,"14":0,"15":0,"16":0,"17":0,"18":0,"19":0,"20":0,"21":0,"22":0,"23":0,"24":0,"25":0,"26":0,"27":0,"28":0,"29":0,"30":0,"31":0,"32":0,"33":0,"34":0,"35":0,"36":0,"37":0,"38":0,"39":0,"40":0},"f":{"0":0,"1":0,"2":0,"3":0,"4":0,"5":0},"b":{"0":[0,0,0],"1":[0,0,0],"2":[0,0,0]}}
,"/home/prospa/savoon-bank/frontend/src/context/transaction/transactionContext.js": {"path":"/home/prospa/savoon-bank/frontend/src/context/transaction/transactionContext.js","statementMap":{"0":{"start":{"line":3,"column":27},"end":{"line":3,"column":42}}},"fnMap":{},"branchMap":{},"s":{"0":0},"f":{},"b":{}}
,"/home/prospa/savoon-bank/frontend/src/context/transaction/transactionReducer.js": {"path":"/home/prospa/savoon-bank/frontend/src/context/transaction/transactionReducer.js","statementMap":{"0":{"start":{"line":9,"column":27},"end":{"line":43,"column":1}},"1":{"start":{"line":10,"column":2},"end":{"line":42,"column":3}},"2":{"start":{"line":12,"column":6},"end":{"line":16,"column":8}},"3":{"start":{"line":18,"column":6},"end":{"line":22,"column":8}},"4":{"start":{"line":24,"column":6},"end":{"line":28,"column":8}},"5":{"start":{"line":30,"column":6},"end":{"line":33,"column":8}},"6":{"start":{"line":35,"column":6},"end":{"line":39,"column":8}},"7":{"start":{"line":41,"column":6},"end":{"line":41,"column":19}}},"fnMap":{"0":{"name":"(anonymous_0)","decl":{"start":{"line":9,"column":27},"end":{"line":9,"column":28}},"loc":{"start":{"line":9,"column":46},"end":{"line":43,"column":1}},"line":9}},"branchMap":{"0":{"loc":{"start":{"line":10,"column":2},"end":{"line":42,"column":3}},"type":"switch","locations":[{"start":{"line":11,"column":4},"end":{"line":16,"column":8}},{"start":{"line":17,"column":4},"end":{"line":22,"column":8}},{"start":{"line":23,"column":4},"end":{"line":28,"column":8}},{"start":{"line":29,"column":4},"end":{"line":33,"column":8}},{"start":{"line":34,"column":4},"end":{"line":39,"column":8}},{"start":{"line":40,"column":4},"end":{"line":41,"column":19}}],"line":10}},"s":{"0":0,"1":0,"2":0,"3":0,"4":0,"5":0,"6":0,"7":0},"f":{"0":0},"b":{"0":[0,0,0,0,0,0]}}
,"/home/prospa/savoon-bank/frontend/src/pages/Analytics.js": {"path":"/home/prospa/savoon-bank/frontend/src/pages/Analytics.js","statementMap":{"0":{"start":{"line":14,"column":18},"end":{"line":221,"column":1}},"1":{"start":{"line":15,"column":29},"end":{"line":15,"column":59}},"2":{"start":{"line":16,"column":27},"end":{"line":16,"column":55}},"3":{"start":{"line":18,"column":44},"end":{"line":18,"column":62}},"4":{"start":{"line":26,"column":6},"end":{"line":26,"column":22}},"5":{"start":{"line":28,"column":52},"end":{"line":28,"column":64}},"6":{"start":{"line":30,"column":2},"end":{"line":35,"column":9}},"7":{"start":{"line":32,"column":4},"end":{"line":34,"column":5}},"8":{"start":{"line":33,"column":6},"end":{"line":33,"column":24}},"9":{"start":{"line":37,"column":2},"end":{"line":42,"column":40}},"10":{"start":{"line":39,"column":4},"end":{"line":41,"column":5}},"11":{"start":{"line":40,"column":6},"end":{"line":40,"column":61}},"12":{"start":{"line":44,"column":32},"end":{"line":47,"column":3}},"13":{"start":{"line":45,"column":4},"end":{"line":45,"column":32}},"14":{"start":{"line":46,"column":4},"end":{"line":46,"column":24}},"15":{"start":{"line":49,"column":27},"end":{"line":55,"column":3}},"16":{"start":{"line":57,"column":2},"end":{"line":66,"column":3}},"17":{"start":{"line":58,"column":4},"end":{"line":65,"column":6}},"18":{"start":{"line":68,"column":2},"end":{"line":83,"column":3}},"19":{"start":{"line":69,"column":4},"end":{"line":82,"column":6}},"20":{"start":{"line":75,"column":27},"end":{"line":75,"column":81}},"21":{"start":{"line":85,"column":2},"end":{"line":108,"column":3}},"22":{"start":{"line":86,"column":4},"end":{"line":107,"column":6}},"23":{"start":{"line":110,"column":2},"end":{"line":220,"column":4}},"24":{"start":{"line":131,"column":29},"end":{"line":131,"column":76}},"25":{"start":{"line":135,"column":14},"end":{"line":137,"column":23}},"26":{"start":{"line":199,"column":25},"end":{"line":199,"column":39}},"27":{"start":{"line":206,"column":25},"end":{"line":206,"column":79}}},"fnMap":{"0":{"name":"(anonymous_0)","decl":{"start":{"line":14,"column":18},"end":{"line":14,"column":19}},"loc":{"start":{"line":14,"column":24},"end":{"line":221,"column":1}},"line":14},"1":{"name":"(anonymous_1)","decl":{"start":{"line":30,"column":12},"end":{"line":30,"column":13}},"loc":{"start":{"line":30,"column":18},"end":{"line":35,"column":3}},"line":30},"2":{"name":"(anonymous_2)","decl":{"start":{"line":37,"column":12},"end":{"line":37,"column":13}},"loc":{"start":{"line":37,"column":18},"end":{"line":42,"column":3}},"line":37},"3":{"name":"(anonymous_3)","decl":{"start":{"line":44,"column":32},"end":{"line":44,"column":33}},"loc":{"start":{"line":44,"column":43},"end":{"line":47,"column":3}},"line":44},"4":{"name":"(anonymous_4)","decl":{"start":{"line":75,"column":21},"end":{"line":75,"column":22}},"loc":{"start":{"line":75,"column":27},"end":{"line":75,"column":81}},"line":75},"5":{"name":"(anonymous_5)","decl":{"start":{"line":131,"column":22},"end":{"line":131,"column":23}},"loc":{"start":{"line":131,"column":29},"end":{"line":131,"column":76}},"line":131},"6":{"name":"(anonymous_6)","decl":{"start":{"line":134,"column":34},"end":{"line":134,"column":35}},"loc":{"start":{"line":135,"column":14},"end":{"line":137,"column":23}},"line":135},"7":{"name":"(anonymous_7)","decl":{"start":{"line":199,"column":19},"end":{"line":199,"column":20}},"loc":{"start":{"line":199,"column":25},"end":{"line":199,"column":39}},"line":199},"8":{"name":"(anonymous_8)","decl":{"start":{"line":206,"column":19},"end":{"line":206,"column":20}},"loc":{"start":{"line":206,"column":25},"end":{"line":206,"column":79}},"line":206}},"branchMap":{"0":{"loc":{"start":{"line":32,"column":4},"end":{"line":34,"column":5}},"type":"if","locations":[{"start":{"line":32,"column":4},"end":{"line":34,"column":5}},{"start":{},"end":{}}],"line":32},"1":{"loc":{"start":{"line":32,"column":8},"end":{"line":32,"column":50}},"type":"binary-expr","locations":[{"start":{"line":32,"column":8},"end":{"line":32,"column":21}},{"start":{"line":32,"column":25},"end":{"line":32,"column":50}}],"line":32},"2":{"loc":{"start":{"line":39,"column":4},"end":{"line":41,"column":5}},"type":"if","locations":[{"start":{"line":39,"column":4},"end":{"line":41,"column":5}},{"start":{},"end":{}}],"line":39},"3":{"loc":{"start":{"line":39,"column":8},"end":{"line":39,"column":47}},"type":"binary-expr","locations":[{"start":{"line":39,"column":8},"end":{"line":39,"column":20}},{"start":{"line":39,"column":24},"end":{"line":39,"column":47}}],"line":39},"4":{"loc":{"start":{"line":57,"column":2},"end":{"line":66,"column":3}},"type":"if","locations":[{"start":{"line":57,"column":2},"end":{"line":66,"column":3}},{"start":{},"end":{}}],"line":57},"5":{"loc":{"start":{"line":68,"column":2},"end":{"line":83,"column":3}},"type":"if","locations":[{"start":{"line":68,"column":2},"end":{"line":83,"column":3}},{"start":{},"end":{}}],"line":68},"6":{"loc":{"start":{"line":85,"column":2},"end":{"line":108,"column":3}},"type":"if","locations":[{"start":{"line":85,"column":2},"end":{"line":108,"column":3}},{"start":{},"end":{}}],"line":85},"7":{"loc":{"start":{"line":85,"column":6},"end":{"line":85,"column":48}},"type":"binary-expr","locations":[{"start":{"line":85,"column":6},"end":{"line":85,"column":19}},{"start":{"line":85,"column":23},"end":{"line":85,"column":48}}],"line":85},"8":{"loc":{"start":{"line":151,"column":18},"end":{"line":151,"column":52}},"type":"binary-expr","locations":[{"start":{"line":151,"column":18},"end":{"line":151,"column":46}},{"start":{"line":151,"column":50},"end":{"line":151,"column":52}}],"line":151},"9":{"loc":{"start":{"line":159,"column":18},"end":{"line":159,"column":57}},"type":"binary-expr","locations":[{"start":{"line":159,"column":18},"end":{"line":159,"column":51}},{"start":{"line":159,"column":55},"end":{"line":159,"column":57}}],"line":159},"10":{"loc":{"start":{"line":167,"column":18},"end":{"line":167,"column":52}},"type":"binary-expr","locations":[{"start":{"line":167,"column":18},"end":{"line":167,"column":46}},{"start":{"line":167,"column":50},"end":{"line":167,"column":52}}],"line":167},"11":{"loc":{"start":{"line":175,"column":19},"end":{"line":175,"column":45}},"type":"binary-expr","locations":[{"start":{"line":175,"column":19},"end":{"line":175,"column":39}},{"start":{"line":175,"column":43},"end":{"line":175,"column":45}}],"line":175},"12":{"loc":{"start":{"line":191,"column":18},"end":{"line":191,"column":47}},"type":"binary-expr","locations":[{"start":{"line":191,"column":18},"end":{"line":191,"column":41}},{"start":{"line":191,"column":45},"end":{"line":191,"column":47}}],"line":191}},"s":{"0":0,"1":0,"2":0,"3":0,"4":0,"5":0,"6":0,"7":0,"8":0,"9":0,"10":0,"11":0,"12":0,"13":0,"14":0,"15":0,"16":0,"17":0,"18":0,"19":0,"20":0,"21":0,"22":0,"23":0,"24":0,"25":0,"26":0,"27":0},"f":{"0":0,"1":0,"2":0,"3":0,"4":0,"5":0,"6":0,"7":0,"8":0},"b":{"0":[0,0],"1":[0,0],"2":[0,0],"3":[0,0],"4":[0,0],"5":[0,0],"6":[0,0],"7":[0,0],"8":[0,0],"9":[0,0],"10":[0,0],"11":[0,0],"12":[0,0]}}
,"/home/prospa/savoon-bank/frontend/src/pages/BillPayments.js": {"path":"/home/prospa/savoon-bank/frontend/src/pages/BillPayments.js","statementMap":{"0":{"start":{"line":6,"column":21},"end":{"line":317,"column":1}},"1":{"start":{"line":7,"column":22},"end":{"line":7,"column":45}},"2":{"start":{"line":8,"column":19},"end":{"line":8,"column":30}},"3":{"start":{"line":10,"column":46},"end":{"line":10,"column":57}},"4":{"start":{"line":11,"column":42},"end":{"line":11,"column":54}},"5":{"start":{"line":12,"column":30},"end":{"line":12,"column":42}},"6":{"start":{"line":13,"column":44},"end":{"line":13,"column":56}},"7":{"start":{"line":14,"column":32},"end":{"line":14,"column":47}},"8":{"start":{"line":15,"column":46},"end":{"line":15,"column":58}},"9":{"start":{"line":16,"column":46},"end":{"line":16,"column":58}},"10":{"start":{"line":18,"column":20},"end":{"line":27,"column":3}},"11":{"start":{"line":29,"column":2},"end":{"line":32,"column":9}},"12":{"start":{"line":30,"column":4},"end":{"line":30,"column":44}},"13":{"start":{"line":31,"column":4},"end":{"line":31,"column":25}},"14":{"start":{"line":34,"column":29},"end":{"line":37,"column":3}},"15":{"start":{"line":35,"column":21},"end":{"line":35,"column":77}},"16":{"start":{"line":36,"column":4},"end":{"line":36,"column":44}},"17":{"start":{"line":39,"column":24},"end":{"line":94,"column":3}},"18":{"start":{"line":40,"column":4},"end":{"line":40,"column":23}},"19":{"start":{"line":42,"column":4},"end":{"line":45,"column":5}},"20":{"start":{"line":43,"column":6},"end":{"line":43,"column":41}},"21":{"start":{"line":44,"column":6},"end":{"line":44,"column":13}},"22":{"start":{"line":47,"column":4},"end":{"line":50,"column":5}},"23":{"start":{"line":48,"column":6},"end":{"line":48,"column":45}},"24":{"start":{"line":49,"column":6},"end":{"line":49,"column":13}},"25":{"start":{"line":52,"column":4},"end":{"line":55,"column":5}},"26":{"start":{"line":53,"column":6},"end":{"line":53,"column":36}},"27":{"start":{"line":54,"column":6},"end":{"line":54,"column":13}},"28":{"start":{"line":57,"column":4},"end":{"line":57,"column":21}},"29":{"start":{"line":
[...]
e":29,"column":20}},"12":{"start":{"line":30,"column":25},"end":{"line":30,"column":44}},"13":{"start":{"line":32,"column":8},"end":{"line":105,"column":9}},"14":{"start":{"line":34,"column":37},"end":{"line":34,"column":127}},"15":{"start":{"line":35,"column":25},"end":{"line":37,"column":48}},"16":{"start":{"line":39,"column":10},"end":{"line":39,"column":28}},"17":{"start":{"line":41,"column":10},"end":{"line":49,"column":13}},"18":{"start":{"line":52,"column":27},"end":{"line":52,"column":84}},"19":{"start":{"line":53,"column":39},"end":{"line":53,"column":61}},"20":{"start":{"line":54,"column":30},"end":{"line":54,"column":107}},"21":{"start":{"line":58,"column":10},"end":{"line":85,"column":11}},"22":{"start":{"line":60,"column":14},"end":{"line":60,"column":58}},"23":{"start":{"line":61,"column":14},"end":{"line":61,"column":20}},"24":{"start":{"line":63,"column":14},"end":{"line":63,"column":59}},"25":{"start":{"line":64,"column":14},"end":{"line":64,"column":20}},"26":{"start":{"line":66,"column":14},"end":{"line":66,"column":60}},"27":{"start":{"line":67,"column":14},"end":{"line":67,"column":20}},"28":{"start":{"line":69,"column":14},"end":{"line":69,"column":60}},"29":{"start":{"line":70,"column":14},"end":{"line":70,"column":20}},"30":{"start":{"line":72,"column":14},"end":{"line":72,"column":60}},"31":{"start":{"line":73,"column":14},"end":{"line":73,"column":20}},"32":{"start":{"line":75,"column":14},"end":{"line":75,"column":60}},"33":{"start":{"line":76,"column":14},"end":{"line":76,"column":20}},"34":{"start":{"line":78,"column":14},"end":{"line":78,"column":60}},"35":{"start":{"line":79,"column":14},"end":{"line":79,"column":20}},"36":{"start":{"line":81,"column":14},"end":{"line":81,"column":61}},"37":{"start":{"line":82,"column":14},"end":{"line":82,"column":20}},"38":{"start":{"line":84,"column":14},"end":{"line":84,"column":60}},"39":{"start":{"line":88,"column":10},"end":{"line":90,"column":11}},"40":{"start":{"line":89,"column":12},"end":{"line":89,"column":47}},"41":{"start":{"line":92,"column":10},"end":{"line":104,"column":11}},"42":{"start":{"line":93,"column":12},"end":{"line":93,"column":30}},"43":{"start":{"line":95,"column":12},"end":{"line":103,"column":15}},"44":{"start":{"line":110,"column":2},"end":{"line":110,"column":84}},"45":{"start":{"line":110,"column":37},"end":{"line":110,"column":82}},"46":{"start":{"line":113,"column":23},"end":{"line":113,"column":49}},"47":{"start":{"line":115,"column":21},"end":{"line":115,"column":85}},"48":{"start":{"line":117,"column":35},"end":{"line":128,"column":1}},"49":{"start":{"line":119,"column":2},"end":{"line":119,"column":57}},"50":{"start":{"line":119,"column":31},"end":{"line":119,"column":55}},"51":{"start":{"line":121,"column":2},"end":{"line":127,"column":4}},"52":{"start":{"line":124,"column":59},"end":{"line":124,"column":104}},"53":{"start":{"line":130,"column":34},"end":{"line":165,"column":1}},"54":{"start":{"line":132,"column":2},"end":{"line":132,"column":57}},"55":{"start":{"line":132,"column":31},"end":{"line":132,"column":55}},"56":{"start":{"line":134,"column":2},"end":{"line":136,"column":3}},"57":{"start":{"line":135,"column":4},"end":{"line":135,"column":59}},"58":{"start":{"line":138,"column":2},"end":{"line":140,"column":3}},"59":{"start":{"line":139,"column":4},"end":{"line":139,"column":44}},"60":{"start":{"line":142,"column":21},"end":{"line":142,"column":56}},"61":{"start":{"line":143,"column":2},"end":{"line":143,"column":30}},"62":{"start":{"line":145,"column":25},"end":{"line":153,"column":3}},"63":{"start":{"line":155,"column":2},"end":{"line":155,"column":43}},"64":{"start":{"line":157,"column":2},"end":{"line":164,"column":4}},"65":{"start":{"line":167,"column":34},"end":{"line":169,"column":1}},"66":{"start":{"line":168,"column":2},"end":{"line":168,"column":24}},"67":{"start":{"line":171,"column":29},"end":{"line":198,"column":1}},"68":{"start":{"line":173,"column":2},"end":{"line":173,"column":57}},"69":{"start":{"line":173,"column":31},"end":{"line":173,"column":55}},"70":{"start":{"line":175,"column":21},"end":{"line":175,"column":44}},"71":{"start":{"line":176,"column":2},"end":{"line":176,"column":30}},"72":{"start":{"line":178,"column":25},"end":{"line":186,"column":3}},"73":{"start":{"line":188,"column":2},"end":{"line":188,"column":43}},"74":{"start":{"line":190,"column":2},"end":{"line":197,"column":4}}},"fnMap":{"0":{"name":"(anonymous_0)","decl":{"start":{"line":4,"column":33},"end":{"line":4,"column":34}},"loc":{"start":{"line":4,"column":39},"end":{"line":111,"column":1}},"line":4},"1":{"name":"(anonymous_1)","decl":{"start":{"line":110,"column":27},"end":{"line":110,"column":28}},"loc":{"start":{"line":110,"column":37},"end":{"line":110,"column":82}},"line":110},"2":{"name":"(anonymous_2)","decl":{"start":{"line":117,"column":35},"end":{"line":117,"column":36}},"loc":{"start":{"line":117,"column":47},"end":{"line":128,"column":1}},"line":117},"3":{"name":"(anonymous_3)","decl":{"start":{"line":119,"column":20},"end":{"line":119,"column":21}},"loc":{"start":{"line":119,"column":31},"end":{"line":119,"column":55}},"line":119},"4":{"name":"(anonymous_4)","decl":{"start":{"line":124,"column":49},"end":{"line":124,"column":50}},"loc":{"start":{"line":124,"column":59},"end":{"line":124,"column":104}},"line":124},"5":{"name":"(anonymous_5)","decl":{"start":{"line":130,"column":34},"end":{"line":130,"column":35}},"loc":{"start":{"line":130,"column":57},"end":{"line":165,"column":1}},"line":130},"6":{"name":"(anonymous_6)","decl":{"start":{"line":132,"column":20},"end":{"line":132,"column":21}},"loc":{"start":{"line":132,"column":31},"end":{"line":132,"column":55}},"line":132},"7":{"name":"(anonymous_7)","decl":{"start":{"line":167,"column":34},"end":{"line":167,"column":35}},"loc":{"start":{"line":167,"column":40},"end":{"line":169,"column":1}},"line":167},"8":{"name":"(anonymous_8)","decl":{"start":{"line":171,"column":29},"end":{"line":171,"column":30}},"loc":{"start":{"line":171,"column":47},"end":{"line":198,"column":1}},"line":171},"9":{"name":"(anonymous_9)","decl":{"start":{"line":173,"column":20},"end":{"line":173,"column":21}},"loc":{"start":{"line":173,"column":31},"end":{"line":173,"column":55}},"line":173}},"branchMap":{"0":{"loc":{"start":{"line":26,"column":4},"end":{"line":107,"column":5}},"type":"if","locations":[{"start":{"line":26,"column":4},"end":{"line":107,"column":5}},{"start":{},"end":{}}],"line":26},"1":{"loc":{"start":{"line":27,"column":30},"end":{"line":27,"column":57}},"type":"cond-expr","locations":[{"start":{"line":27,"column":52},"end":{"line":27,"column":53}},{"start":{"line":27,"column":56},"end":{"line":27,"column":57}}],"line":27},"2":{"loc":{"start":{"line":32,"column":8},"end":{"line":105,"column":9}},"type":"if","locations":[{"start":{"line":32,"column":8},"end":{"line":105,"column":9}},{"start":{"line":50,"column":15},"end":{"line":105,"column":9}}],"line":32},"3":{"loc":{"start":{"line":35,"column":25},"end":{"line":37,"column":48}},"type":"cond-expr","locations":[{"start":{"line":36,"column":12},"end":{"line":36,"column":51}},{"start":{"line":37,"column":12},"end":{"line":37,"column":48}}],"line":35},"4":{"loc":{"start":{"line":58,"column":10},"end":{"line":85,"column":11}},"type":"switch","locations":[{"start":{"line":59,"column":12},"end":{"line":61,"column":20}},{"start":{"line":62,"column":12},"end":{"line":64,"column":20}},{"start":{"line":65,"column":12},"end":{"line":67,"column":20}},{"start":{"line":68,"column":12},"end":{"line":70,"column":20}},{"start":{"line":71,"column":12},"end":{"line":73,"column":20}},{"start":{"line":74,"column":12},"end":{"line":76,"column":20}},{"start":{"line":77,"column":12},"end":{"line":79,"column":20}},{"start":{"line":80,"column":12},"end":{"line":82,"column":20}},{"start":{"line":83,"column":12},"end":{"line":84,"column":60}}],"line":58},"5":{"loc":{"start":{"line":88,"column":10},"end":{"line":90,"column":11}},"type":"if","locations":[{"start":{"line":88,"column":10},"end":{"line":90,"column":11}},{"start":{},"end":{}}],"line":88},"6":{"loc":{"start":{"line":92,"column":10},"end":{"line":104,"column":11}},"type":"if","locations":[{"start":{"line":92,"column":10},"end":{"line":104,"column":11}},{"start":{},"end":{}}],"line":92},"7":{"loc":{"start":{"line":115,"column":21},"end":{"line":115,"column":85}},"type":"cond-expr","locations":[{"start":{"line":115,"column":51},"end":{"line":115,"column":78}},{"start":{"line":115,"column":81},"end":{"line":115,"column":85}}],"line":115},"8":{"loc":{"start":{"line":134,"column":2},"end":{"line":136,"column":3}},"type":"if","locations":[{"start":{"line":134,"column":2},"end":{"line":136,"column":3}},{"start":{},"end":{}}],"line":134},"9":{"loc":{"start":{"line":134,"column":6},"end":{"line":134,"column":53}},"type":"binary-expr","locations":[{"start":{"line":134,"column":6},"end":{"line":134,"column":25}},{"start":{"line":134,"column":29},"end":{"line":134,"column":53}}],"line":134},"10":{"loc":{"start":{"line":138,"column":2},"end":{"line":140,"column":3}},"type":"if","locations":[{"start":{"line":138,"column":2},"end":{"line":140,"column":3}},{"start":{},"end":{}}],"line":138},"11":{"loc":{"start":{"line":150,"column":14},"end":{"line":150,"column":45}},"type":"binary-expr","locations":[{"start":{"line":150,"column":14},"end":{"line":150,"column":34}},{"start":{"line":150,"column":38},"end":{"line":150,"column":45}}],"line":150}},"s":{"0":0,"1":0,"2":0,"3":0,"4":0,"5":0,"6":0,"7":0,"8":0,"9":0,"10":0,"11":0,"12":0,"13":0,"14":0,"15":0,"16":0,"17":0,"18":0,"19":0,"20":0,"21":0,"22":0,"23":0,"24":0,"25":0,"26":0,"27":0,"28":0,"29":0,"30":0,"31":0,"32":0,"33":0,"34":0,"35":0,"36":0,"37":0,"38":0,"39":0,"40":0,"41":0,"42":0,"43":0,"44":0,"45":0,"46":0,"47":0,"48":0,"49":0,"50":0,"51":0,"52":0,"53":0,"54":0,"55":0,"56":0,"57":0,"58":0,"59":0,"60":0,"61":0,"62":0,"63":0,"64":0,"65":0,"66":0,"67":0,"68":0,"69":0,"70":0,"71":0,"72":0,"73":0,"74":0},"f":{"0":0,"1":0,"2":0,"3":0,"4":0,"5":0,"6":0,"7":0,"8":0,"9":0},"b":{"0":[0,0],"1":[0,0],"2":[0,0],"3":[0,0],"4":[0,0,0,0,0,0,0,0,0],"5":[0,0],"6":[0,0],"7":[0,0],"8":[0,0],"9":[0,0],"10":[0,0],"11":[0,0]}}
,"/home/prospa/savoon-bank/frontend/src/utils/numberToWords.js": {"path":"/home/prospa/savoon-bank/frontend/src/utils/numberToWords.js","statementMap":{"0":{"start":{"line":2,"column":29},"end":{"line":71,"column":1}},"1":{"start":{"line":3,"column":2},"end":{"line":3,"column":39}},"2":{"start":{"line":3,"column":17},"end":{"line":3,"column":39}},"3":{"start":{"line":5,"column":15},"end":{"line":9,"column":3}},"4":{"start":{"line":11,"column":15},"end":{"line":13,"column":3}},"5":{"start":{"line":15,"column":17},"end":{"line":15,"column":67}},"6":{"start":{"line":17,"column":26},"end":{"line":35,"column":3}},"7":{"start":{"line":18,"column":17},"end":{"line":18,"column":19}},"8":{"start":{"line":20,"column":4},"end":{"line":24,"column":5}},"9":{"start":{"line":21,"column":6},"end":{"line":21,"column":55}},"10":{"start":{"line":22,"column":6},"end":{"line":22,"column":15}},"11":{"start":{"line":23,"column":6},"end":{"line":23,"column":31}},"12":{"start":{"line":23,"column":17},"end":{"line":23,"column":31}},"13":{"start":{"line":26,"column":4},"end":{"line":32,"column":5}},"14":{"start":{"line":27,"column":6},"end":{"line":27,"column":41}},"15":{"start":{"line":28,"column":6},"end":{"line":28,"column":14}},"16":{"start":{"line":29,"column":6},"end":{"line":29,"column":41}},"17":{"start":{"line":29,"column":17},"end":{"line":29,"column":41}},"18":{"start":{"line":30,"column":11},"end":{"line":32,"column":5}},"19":{"start":{"line":31,"column":6},"end":{"line":31,"column":24}},"20":{"start":{"line":34,"column":4},"end":{"line":34,"column":18}},"21":{"start":{"line":38,"column":18},"end":{"line":38,"column":33}},"22":{"start":{"line":39,"column":16},"end":{"line":39,"column":49}},"23":{"start":{"line":41,"column":2},"end":{"line":44,"column":3}},"24":{"start":{"line":42,"column":4},"end":{"line":42,"column":43}},"25":{"start":{"line":42,"column":21},"end":{"line":42,"column":43}},"26":{"start":{"line":43,"column":4},"end":{"line":43,"column":69}},"27":{"start":{"line":46,"column":15},"end":{"line":46,"column":17}},"28":{"start":{"line":47,"column":19},"end":{"line":47,"column":20}},"29":{"start":{"line":48,"column":20},"end":{"line":48,"column":27}},"30":{"start":{"line":50,"column":2},"end":{"line":62,"column":3}},"31":{"start":{"line":51,"column":18},"end":{"line":51,"column":36}},"32":{"start":{"line":52,"column":4},"end":{"line":59,"column":5}},"33":{"start":{"line":53,"column":25},"end":{"line":53,"column":47}},"34":{"start":{"line":54,"column":6},"end":{"line":58,"column":7}},"35":{"start":{"line":55,"column":8},"end":{"line":55,"column":86}},"36":{"start":{"line":57,"column":8},"end":{"line":57,"column":28}},"37":{"start":{"line":60,"column":4},"end":{"line":60,"column":49}},"38":{"start":{"line":61,"column":4},"end":{"line":61,"column":17}},"39":{"start":{"line":64,"column":2},"end":{"line":64,"column":49}},"40":{"start":{"line":66,"column":2},"end":{"line":68,"column":3}},"41":{"start":{"line":67,"column":4},"end":{"line":67,"column":77}},"42":{"start":{"line":70,"column":2},"end":{"line":70,"column":16}},"43":{"start":{"line":74,"column":34},"end":{"line":89,"column":1}},"44":{"start":{"line":75,"column":2},"end":{"line":75,"column":39}},"45":{"start":{"line":75,"column":17},"end":{"line":75,"column":39}},"46":{"start":{"line":77,"column":18},"end":{"line":77,"column":33}},"47":{"start":{"line":78,"column":16},"end":{"line":78,"column":49}},"48":{"start":{"line":80,"column":2},"end":{"line":88,"column":3}},"49":{"start":{"line":81,"column":21},"end":{"line":81,"column":51}},"50":{"start":{"line":82,"column":4},"end":{"line":82,"column":41}},"51":{"start":{"line":83,"column":9},"end":{"line":88,"column":3}},"52":{"start":{"line":84,"column":22},"end":{"line":84,"column":49}},"53":{"start":{"line":85,"column":4},"end":{"line":85,"column":43}},"54":{"start":{"line":87,"column":4},"end":{"line":87,"column":30}}},"fnMap":{"0":{"name":"(anonymous_0)","decl":{"start":{"line":2,"column":29},"end":{"line":2,"column":30}},"loc":{"start":{"line":2,"column":38},"end":{"line":71,"column":1}},"line":2},"1":{"name":"(anonymous_1)","decl":{"start":{"line":17,"column":26},"end":{"line":17,"column":27}},"loc":{"start":{"line":17,"column":33},"end":{"line":35,"column":3}},"line":17},"2":{"name":"(anonymous_2)","decl":{"start":{"line":74,"column":34},"end":{"line":74,"column":35}},"loc":{"start":{"line":74,"column":43},"end":{"line":89,"column":1}},"line":74}},"branchMap":{"0":{"loc":{"start":{"line":3,"column":2},"end":{"line":3,"column":39}},"type":"if","locations":[{"start":{"line":3,"column":2},"end":{"line":3,"column":39}},{"start":{},"end":{}}],"line":3},"1":{"loc":{"start":{"line":20,"column":4},"end":{"line":24,"column":5}},"type":"if","locations":[{"start":{"line":20,"column":4},"end":{"line":24,"column":5}},{"start":{},"end":{}}],"line":20},"2":{"loc":{"start":{"line":23,"column":6},"end":{"line":23,"column":31}},"type":"if","locations":[{"start":{"line":23,"column":6},"end":{"line":23,"column":31}},{"start":{},"end":{}}],"line":23},"3":{"loc":{"start":{"line":26,"column":4},"end":{"line":32,"column":5}},"type":"if","locations":[{"start":{"line":26,"column":4},"end":{"line":32,"column":5}},{"start":{"line":30,"column":11},"end":{"line":32,"column":5}}],"line":26},"4":{"loc":{"start":{"line":29,"column":6},"end":{"line":29,"column":41}},"type":"if","locations":[{"start":{"line":29,"column":6},"end":{"line":29,"column":41}},{"start":{},"end":{}}],"line":29},"5":{"loc":{"start":{"line":30,"column":11},"end":{"line":32,"column":5}},"type":"if","locations":[{"start":{"line":30,"column":11},"end":{"line":32,"column":5}},{"start":{},"end":{}}],"line":30},"6":{"loc":{"start":{"line":41,"column":2},"end":{"line":44,"column":3}},"type":"if","locations":[{"start":{"line":41,"column":2},"end":{"line":44,"column":3}},{"start":{},"end":{}}],"line":41},"7":{"loc":{"start":{"line":42,"column":4},"end":{"line":42,"column":43}},"type":"if","locations":[{"start":{"line":42,"column":4},"end":{"line":42,"column":43}},{"start":{},"end":{}}],"line":42},"8":{"loc":{"start":{"line":43,"column":44},"end":{"line":43,"column":66}},"type":"cond-expr","locations":[{"start":{"line":43,"column":58},"end":{"line":43,"column":61}},{"start":{"line":43,"column":64},"end":{"line":43,"column":66}}],"line":43},"9":{"loc":{"start":{"line":52,"column":4},"end":{"line":59,"column":5}},"type":"if","locations":[{"start":{"line":52,"column":4},"end":{"line":59,"column":5}},{"start":{},"end":{}}],"line":52},"10":{"loc":{"start":{"line":54,"column":6},"end":{"line":58,"column":7}},"type":"if","locations":[{"start":{"line":54,"column":6},"end":{"line":58,"column":7}},{"start":{"line":56,"column":13},"end":{"line":58,"column":7}}],"line":54},"11":{"loc":{"start":{"line":55,"column":58},"end":{"line":55,"column":84}},"type":"cond-expr","locations":[{"start":{"line":55,"column":67},"end":{"line":55,"column":79}},{"start":{"line":55,"column":82},"end":{"line":55,"column":84}}],"line":55},"12":{"loc":{"start":{"line":64,"column":22},"end":{"line":64,"column":46}},"type":"cond-expr","locations":[{"start":{"line":64,"column":38},"end":{"line":64,"column":41}},{"start":{"line":64,"column":44},"end":{"line":64,"column":46}}],"line":64},"13":{"loc":{"start":{"line":66,"column":2},"end":{"line":68,"column":3}},"type":"if","locations":[{"start":{"line":66,"column":2},"end":{"line":68,"column":3}},{"start":{},"end":{}}],"line":66},"14":{"loc":{"start":{"line":67,"column":52},"end":{"line":67,"column":74}},"type":"cond-expr","locations":[{"start":{"line":67,"column":66},"end":{"line":67,"column":69}},{"start":{"line":67,"column":72},"end":{"line":67,"column":74}}],"line":67},"15":{"loc":{"start":{"line":75,"column":2},"end":{"line":75,"column":39}},"type":"if","locations":[{"start":{"line":75,"column":2},"end":{"line":75,"column":39}},{"start":{},"end":{}}],"line":75},"16":{"loc":{"start":{"line":80,"column":2},"end":{"line":88,"column":3}},"type":"if","locations":[{"start":{"line":80,"column":2},"end":{"line":88,"column":3}},{"start":{"line":83,"column":9},"end":{"line":88,"column":3}}],"line":80},"17":{"loc":{"start":{"line":83,"column":9},"end":{"line":88,"column":3}},"type":"if","locations":[{"start":{"line":83,"column":9},"end":{"line":88,"column":3}},{"start":{"line":86,"column":9},"end":{"line":88,"column":3}}],"line":83}},"s":{"0":0,"1":0,"2":0,"3":0,"4":0,"5":0,"6":0,"7":0,"8":0,"9":0,"10":0,"11":0,"12":0,"13":0,"14":0,"15":0,"16":0,"17":0,"18":0,"19":0,"20":0,"21":0,"22":0,"23":0,"24":0,"25":0,"26":0,"27":0,"28":0,"29":0,"30":0,"31":0,"32":0,"33":0,"34":0,"35":0,"36":0,"37":0,"38":0,"39":0,"40":0,"41":0,"42":0,"43":0,"44":0,"45":0,"46":0,"47":0,"48":0,"49":0,"50":0,"51":0,"52":0,"53":0,"54":0},"f":{"0":0,"1":0,"2":0},"b":{"0":[0,0],"1":[0,0],"2":[0,0],"3":[0,0],"4":[0,0],"5":[0,0],"6":[0,0],"7":[0,0],"8":[0,0],"9":[0,0],"10":[0,0],"11":[0,0],"12":[0,0],"13":[0,0],"14":[0,0],"15":[0,0],"16":[0,0],"17":[0,0]}}
,"/home/prospa/savoon-bank/frontend/src/utils/setAuthToken.js": {"path":"/home/prospa/savoon-bank/frontend/src/utils/setAuthToken.js","statementMap":{"0":{"start":{"line":3,"column":21},"end":{"line":9,"column":1}},"1":{"start":{"line":4,"column":2},"end":{"line":8,"column":3}},"2":{"start":{"line":5,"column":4},"end":{"line":5,"column":71}},"3":{"start":{"line":7,"column":4},"end":{"line":7,"column":58}}},"fnMap":{"0":{"name":"(anonymous_0)","decl":{"start":{"line":3,"column":21},"end":{"line":3,"column":22}},"loc":{"start":{"line":3,"column":30},"end":{"line":9,"column":1}},"line":3}},"branchMap":{"0":{"loc":{"start":{"line":4,"column":2},"end":{"line":8,"column":3}},"type":"if","locations":[{"start":{"line":4,"column":2},"end":{"line":8,"column":3}},{"start":{"line":6,"column":9},"end":{"line":8,"column":3}}],"line":4}},"s":{"0":0,"1":0,"2":0,"3":0},"f":{"0":0},"b":{"0":[0,0]}}
}
