TN:
SF:src/App.js
FN:28,(anonymous_0)
FNF:1
FNH:1
FNDA:6,(anonymous_0)
DA:28,1
DA:29,6
LF:2
LH:2
BRF:0
BRH:0
end_of_record
TN:
SF:src/index.js
FNF:0
FNH:0
DA:6,0
DA:7,0
LF:2
LH:0
BRF:0
BRH:0
end_of_record
TN:
SF:src/components/analytics/AnalyticsStats.js
FN:4,(anonymous_0)
FN:70,(anonymous_1)
FNF:2
FNH:0
FNDA:0,(anonymous_0)
FNDA:0,(anonymous_1)
DA:4,0
DA:5,0
DA:6,0
DA:19,0
DA:21,0
DA:23,0
DA:58,0
DA:71,0
LF:8
LH:0
BRDA:5,0,0,0
BRDA:5,0,1,0
BRDA:43,1,0,0
BRDA:43,1,1,0
BRDA:44,2,0,0
BRDA:44,2,1,0
BRDA:46,3,0,0
BRDA:46,3,1,0
BRDA:90,4,0,0
BRDA:90,4,1,0
BRDA:96,5,0,0
BRDA:96,5,1,0
BRDA:102,6,0,0
BRDA:102,6,1,0
BRF:14
BRH:0
end_of_record
TN:
SF:src/components/analytics/CategoryChart.js
FN:4,(anonymous_0)
FN:6,(anonymous_1)
FN:13,(anonymous_2)
FN:14,(anonymous_3)
FN:24,(anonymous_4)
FN:40,(anonymous_5)
FN:90,(anonymous_6)
FN:98,(anonymous_7)
FNF:8
FNH:0
FNDA:0,(anonymous_0)
FNDA:0,(anonymous_1)
FNDA:0,(anonymous_2)
FNDA:0,(anonymous_3)
FNDA:0,(anonymous_4)
FNDA:0,(anonymous_5)
FNDA:0,(anonymous_6)
FNDA:0,(anonymous_7)
DA:4,0
DA:6,0
DA:13,0
DA:14,0
DA:15,0
DA:19,0
DA:24,0
DA:25,0
DA:26,0
DA:27,0
DA:37,0
DA:40,0
DA:41,0
DA:43,0
DA:44,0
DA:45,0
DA:46,0
DA:48,0
DA:63,0
DA:64,0
DA:74,0
DA:91,0
DA:99,0
LF:23
LH:0
BRDA:4,0,0,0
BRDA:25,1,0,0
BRDA:25,1,1,0
BRDA:25,2,0,0
BRDA:25,2,1,0
BRDA:25,2,2,0
BRDA:41,3,0,0
BRDA:41,3,1,0
BRDA:53,4,0,0
BRDA:53,4,1,0
BRDA:63,5,0,0
BRDA:63,5,1,0
BRF:12
BRH:0
end_of_record
TN:
SF:src/components/analytics/FinancialReportGenerator.js
FN:5,(anonymous_0)
FN:13,(anonymous_1)
FN:21,(anonymous_2)
FN:43,(anonymous_3)
FN:106,(anonymous_4)
FN:113,(anonymous_5)
FN:114,(anonymous_6)
FN:119,(anonymous_7)
FN:205,(anonymous_8)
FN:207,(anonymous_9)
FN:211,(anonymous_10)
FN:249,(anonymous_11)
FN:250,(anonymous_12)
FN:252,(anonymous_13)
FN:253,(anonymous_14)
FN:253,(anonymous_15)
FN:254,(anonymous_16)
FN:254,(anonymous_17)
FN:274,(anonymous_18)
FN:275,(anonymous_19)
FN:280,(anonymous_20)
FN:306,(anonymous_21)
FN:345,(anonymous_22)
FNF:23
FNH:0
FNDA:0,(anonymous_0)
FNDA:0,(anonymous_1)
FNDA:0,(anonymous_2)
FNDA:0,(anonymous_3)
FNDA:0,(anonymous_4)
FNDA:0,(anonymous_5)
FNDA:0,(anonymous_6)
FNDA:0,(anonymous_7)
FNDA:0,(anonymous_8)
FNDA:0,(anonymous_9)
FNDA:0,(anonymous_10)
FNDA:0,(anonymous_11)
FNDA:0,(anonymous_12)
FNDA:0,(anonymous_13)
FNDA:0,(anonymous_14)
FNDA:0,(anonymous_15)
FNDA:0,(anonymous_16)
FNDA:0,(anonymous_17)
FNDA:0,(anonymous_18)
FNDA:0,(anonymous_19)
FNDA:0,(anonymous_20)
FNDA:0,(anonymous_21)
FNDA:0,(anonymous_22)
DA:5,0
DA:6,0
DA:7,0
DA:9,0
DA:10,0
DA:11,0
DA:13,0
DA:14,0
DA:15,0
DA:16,0
DA:19,0
DA:21,0
DA:22,0
DA:23,0
DA:30,0
DA:31,0
DA:32,0
DA:33,0
DA:34,0
DA:35,0
DA:38,0
DA:39,0
DA:43,0
DA:44,0
DA:45,0
DA:47,0
DA:106,0
DA:107,0
DA:108,0
DA:110,0
DA:111,0
DA:112,0
DA:113,0
DA:115,0
DA:119,0
DA:120,0
DA:123,0
DA:205,0
DA:206,0
DA:207,0
DA:210,0
DA:211,0
DA:212,0
DA:213,0
DA:214,0
DA:215,0
DA:218,0
DA:249,0
DA:250,0
DA:252,0
DA:253,0
DA:254,0
DA:274,0
DA:275,0
DA:276,0
DA:280,0
DA:281,0
DA:282,0
DA:283,0
DA:284,0
DA:285,0
DA:286,0
DA:287,0
DA:290,0
DA:306,0
DA:345,0
LF:66
LH:0
BRDA:14,0,0,0
BRDA:14,0,1,0
BRDA:14,1,0,0
BRDA:14,1,1,0
BRDA:30,2,0,0
BRDA:30,2,1,0
BRDA:32,3,0,0
BRDA:32,3,1,0
BRDA:34,4,0,0
BRDA:34,4,1,0
BRDA:52,5,0,0
BRDA:52,5,1,0
BRDA:73,6,0,0
BRDA:73,6,1,0
BRDA:75,7,0,0
BRDA:75,7,1,0
BRDA:77,8,0,0
BRDA:77,8,1,0
BRDA:86,9,0,0
BRDA:86,9,1,0
BRDA:111,10,0,0
BRDA:111,10,1,0
BRDA:120,11,0,0
BRDA:120,11,1,0
BRDA:128,12,0,0
BRDA:128,12,1,0
BRDA:148,13,0,0
BRDA:148,13,1,0
BRDA:154,14,0,0
BRDA:154,14,1,0
BRDA:161,15,0,0
BRDA:161,15,1,0
BRDA:162,16,0,0
BRDA:162,16,1,0
BRDA:166,17,0,0
BRDA:166,17,1,0
BRDA:171,18,0,0
BRDA:171,18,1,0
BRDA:177,19,0,0
BRDA:177,19,1,0
BRDA:183,20,0,0
BRDA:183,20,1,0
BRDA:213,21,0,0
BRDA:213,21,1,0
BRDA:215,22,0,0
BRDA:215,22,1,0
BRDA:223,23,0,0
BRDA:223,23,1,0
BRDA:320,24,0,0
BRDA:320,24,1,0
BRDA:334,25,0,0
BRDA:334,25,1,0
BRDA:357,26,0,0
BRDA:357,26,1,0
BRDA:357,26,2,0
BRF:55
BRH:0
end_of_record
TN:
SF:src/components/analytics/InsightsPanel.js
FN:3,(anonymous_0)
FN:4,(anonymous_1)
FN:32,(anonymous_2)
FNF:3
FNH:0
FNDA:0,(anonymous_0)
FNDA:0,(anonymous_1)
FNDA:0,(anonymous_2)
DA:3,0
DA:4,0
DA:5,0
DA:7,0
DA:9,0
DA:11,0
DA:13,0
DA:17,0
DA:18,0
DA:28,0
DA:33,0
LF:11
LH:0
BRDA:3,0,0,0
BRDA:5,1,0,0
BRDA:5,1,1,0
BRDA:5,1,2,0
BRDA:5,1,3,0
BRDA:17,2,0,0
BRDA:17,2,1,0
BRDA:17,3,0,0
BRDA:17,3,1,0
BRF:9
BRH:0
end_of_record
TN:
SF:src/components/analytics/LoanProgressChart.js
FN:5,(anonymous_0)
FN:8,(anonymous_1)
FN:9,(anonymous_2)
FN:21,(anonymous_3)
FN:76,(anonymous_4)
FN:106,(anonymous_5)
FNF:6
FNH:0
FNDA:0,(anonymous_0)
FNDA:0,(anonymous_1)
FNDA:0,(anonymous_2)
FNDA:0,(anonymous_3)
FNDA:0,(anonymous_4)
FNDA:0,(anonymous_5)
DA:5,0
DA:7,0
DA:8,0
DA:10,0
DA:11,0
DA:21,0
DA:22,0
DA:23,0
DA:24,0
DA:47,0
DA:50,0
DA:51,0
DA:61,0
DA:76,0
DA:107,0
LF:15
LH:0
BRDA:5,0,0,0
BRDA:22,1,0,0
BRDA:22,1,1,0
BRDA:22,2,0,0
BRDA:22,2,1,0
BRDA:22,2,2,0
BRDA:50,3,0,0
BRDA:50,3,1,0
BRF:8
BRH:0
end_of_record
TN:
SF:src/components/analytics/MonthlyTrendsChart.js
FN:4,(anonymous_0)
FN:5,(anonymous_1)
FN:10,(anonymous_2)
FN:37,(anonymous_3)
FNF:4
FNH:0
FNDA:0,(anonymous_0)
FNDA:0,(anonymous_1)
FNDA:0,(anonymous_2)
FNDA:0,(anonymous_3)
DA:4,0
DA:5,0
DA:6,0
DA:7,0
DA:11,0
DA:19,0
DA:22,0
DA:37,0
LF:8
LH:0
BRDA:4,0,0,0
BRDA:6,1,0,0
BRDA:6,1,1,0
BRDA:6,2,0,0
BRDA:6,2,1,0
BRDA:6,2,2,0
BRDA:13,3,0,0
BRDA:13,3,1,0
BRDA:13,4,0,0
BRDA:13,4,1,0
BRF:10
BRH:0
end_of_record
TN:
SF:src/components/analytics/SpendingChart.js
FN:4,(anonymous_0)
FN:5,(anonymous_1)
FN:35,(anonymous_2)
FNF:3
FNH:0
FNDA:0,(anonymous_0)
FNDA:0,(anonymous_1)
FNDA:0,(anonymous_2)
DA:4,0
DA:5,0
DA:6,0
DA:7,0
DA:17,0
DA:20,0
DA:35,0
LF:7
LH:0
BRDA:4,0,0,0
BRDA:6,1,0,0
BRDA:6,1,1,0
BRDA:6,2,0,0
BRDA:6,2,1,0
BRDA:6,2,2,0
BRF:6
BRH:0
end_of_record
TN:
SF:src/components/layout/BankLogo.js
FN:3,(anonymous_0)
FN:44,(anonymous_1)
FN:45,(anonymous_2)
FN:46,(anonymous_3)
FN:51,(anonymous_4)
FN:145,(anonymous_5)
FNF:6
FNH:0
FNDA:0,(anonymous_0)
FNDA:0,(anonymous_1)
FNDA:0,(anonymous_2)
FNDA:0,(anonymous_3)
FNDA:0,(anonymous_4)
FNDA:0,(anonymous_5)
DA:3,0
DA:4,0
DA:6,0
DA:44,0
DA:45,0
DA:46,0
DA:47,0
DA:51,0
DA:54,0
DA:56,0
DA:146,0
LF:11
LH:0
BRDA:152,0,0,0
BRDA:152,0,1,0
BRDA:156,1,0,0
BRDA:156,1,1,0
BRF:4
BRH:0
end_of_record
TN:
SF:src/components/layout/Footer.js
FN:3,(anonymous_0)
FNF:1
FNH:0
FNDA:0,(anonymous_0)
DA:3,0
DA:4,0
LF:2
LH:0
BRF:0
BRH:0
end_of_record
TN:
SF:src/components/layout/Navbar.js
FN:6,(anonymous_0)
FN:13,(anonymous_1)
FNF:2
FNH:0
FNDA:0,(anonymous_0)
FNDA:0,(anonymous_1)
DA:6,0
DA:7,0
DA:8,0
DA:10,0
DA:11,0
DA:13,0
DA:14,0
DA:15,0
DA:19,0
DA:64,0
DA:86,0
LF:11
LH:0
BRDA:53,0,0,0
BRDA:53,0,1,0
BRDA:89,1,0,0
BRDA:89,1,1,0
BRDA:94,2,0,0
BRDA:94,2,1,0
BRF:6
BRH:0
end_of_record
TN:
SF:src/components/routing/PrivateRoute.js
FN:5,(anonymous_0)
FNF:1
FNH:0
FNDA:0,(anonymous_0)
DA:5,0
DA:6,0
DA:7,0
DA:9,0
DA:10,0
DA:22,0
LF:6
LH:0
BRDA:9,0,0,0
BRDA:9,0,1,0
BRDA:22,1,0,0
BRDA:22,1,1,0
BRF:4
BRH:0
end_of_record
TN:
SF:src/context/types.js
FNF:0
FNH:0
DA:2,0
DA:3,0
DA:4,0
DA:5,0
DA:6,0
DA:7,0
DA:8,0
DA:9,0
DA:12,0
DA:13,0
DA:14,0
DA:15,0
DA:16,0
DA:19,0
DA:20,0
DA:21,0
DA:22,0
DA:23,0
LF:18
LH:0
BRF:0
BRH:0
end_of_record
TN:
SF:src/context/analytics/AnalyticsState.js
FN:19,(anonymous_0)
FN:33,(anonymous_1)
FN:73,(anonymous_2)
FN:81,(anonymous_3)
FN:86,(anonymous_4)
FNF:5
FNH:0
FNDA:0,(anonymous_0)
FNDA:0,(anonymous_1)
FNDA:0,(anonymous_2)
FNDA:0,(anonymous_3)
FNDA:0,(anonymous_4)
DA:19,0
DA:20,0
DA:30,0
DA:33,0
DA:34,0
DA:35,0
DA:38,0
DA:41,0
DA:44,0
DA:47,0
DA:49,0
DA:57,0
DA:62,0
DA:64,0
DA:68,0
DA:73,0
DA:74,0
DA:81,0
DA:82,0
DA:86,0
DA:88,0
LF:21
LH:0
BRDA:33,0,0,0
BRDA:66,1,0,0
BRDA:66,1,1,0
BRF:3
BRH:0
end_of_record
TN:
SF:src/context/analytics/analyticsContext.js
FNF:0
FNH:0
DA:3,0
LF:1
LH:0
BRF:0
BRH:0
end_of_record
TN:
SF:src/context/analytics/analyticsReducer.js
FN:9,(anonymous_0)
FNF:1
FNH:0
FNDA:0,(anonymous_0)
DA:9,0
DA:10,0
DA:12,0
DA:19,0
DA:25,0
DA:31,0
DA:36,0
DA:43,0
LF:8
LH:0
BRDA:10,0,0,0
BRDA:10,0,1,0
BRDA:10,0,2,0
BRDA:10,0,3,0
BRDA:10,0,4,0
BRDA:10,0,5,0
BRF:6
BRH:0
end_of_record
TN:
SF:src/context/auth/AuthState.js
FN:18,(anonymous_0)
FN:30,(anonymous_1)
FN:37,(anonymous_2)
FN:76,(anonymous_3)
FN:128,(anonymous_4)
FN:174,(anonymous_5)
FN:197,(anonymous_6)
FN:208,(anonymous_7)
FNF:8
FNH:0
FNDA:0,(anonymous_0)
FNDA:0,(anonymous_1)
FNDA:0,(anonymous_2)
FNDA:0,(anonymous_3)
FNDA:0,(anonymous_4)
FNDA:0,(anonymous_5)
FNDA:0,(anonymous_6)
FNDA:0,(anonymous_7)
DA:18,0
DA:19,0
DA:27,0
DA:30,0
DA:31,0
DA:32,0
DA:37,0
DA:38,0
DA:39,0
DA:40,0
DA:42,0
DA:43,0
DA:46,0
DA:48,0
DA:50,0
DA:53,0
DA:54,0
DA:57,0
DA:60,0
DA:62,0
DA:67,0
DA:68,0
DA:69,0
DA:70,0
DA:71,0
DA:76,0
DA:77,0
DA:83,0
DA:85,0
DA:87,0
DA:90,0
DA:91,0
DA:95,0
DA:97,0
DA:100,0
DA:106,0
DA:107,0
DA:108,0
DA:112,0
DA:113,0
DA:116,0
DA:117,0
DA:119,0
DA:123,0
DA:128,0
DA:129,0
DA:135,0
DA:137,0
DA:139,0
DA:142,0
DA:143,0
DA:146,0
DA:152,0
DA:153,0
DA:154,0
DA:158,0
DA:159,0
DA:163,0
DA:165,0
DA:169,0
DA:174,0
DA:175,0
DA:177,0
DA:179,0
DA:181,0
DA:183,0
DA:184,0
DA:185,0
DA:187,0
DA:190,0
DA:192,0
DA:197,0
DA:198,0
DA:199,0
DA:200,0
DA:201,0
DA:202,0
DA:203,0
DA:204,0
DA:208,0
DA:210,0
LF:81
LH:0
BRDA:21,0,0,0
BRDA:21,0,1,0
BRDA:23,1,0,0
BRDA:23,1,1,0
BRDA:31,2,0,0
BRDA:31,2,1,0
BRDA:39,3,0,0
BRDA:39,3,1,0
BRDA:57,4,0,0
BRDA:57,4,1,0
BRDA:57,4,2,0
BRDA:95,5,0,0
BRDA:95,5,1,0
BRDA:106,6,0,0
BRDA:106,6,1,0
BRDA:112,7,0,0
BRDA:112,7,1,0
BRDA:121,8,0,0
BRDA:121,8,1,0
BRDA:121,8,2,0
BRDA:152,9,0,0
BRDA:152,9,1,0
BRDA:158,10,0,0
BRDA:158,10,1,0
BRDA:167,11,0,0
BRDA:167,11,1,0
BRDA:167,11,2,0
BRDA:177,12,0,0
BRDA:177,12,1,0
BRDA:177,13,0,0
BRDA:177,13,1,0
BRDA:179,14,0,0
BRDA:179,14,1,0
BRDA:181,15,0,0
BRDA:181,15,1,0
BRF:35
BRH:0
end_of_record
TN:
SF:src/context/auth/authContext.js
FNF:0
FNH:0
DA:3,0
LF:1
LH:0
BRF:0
BRH:0
end_of_record
TN:
SF:src/context/auth/authReducer.js
FN:12,(anonymous_0)
FNF:1
FNH:0
FNDA:0,(anonymous_0)
DA:12,0
DA:13,0
DA:15,0
DA:23,0
DA:24,0
DA:34,0
DA:35,0
DA:44,0
DA:49,0
LF:9
LH:0
BRDA:13,0,0,0
BRDA:13,0,1,0
BRDA:13,0,2,0
BRDA:13,0,3,0
BRDA:13,0,4,0
BRDA:13,0,5,0
BRDA:13,0,6,0
BRDA:13,0,7,0
BRDA:13,0,8,0
BRF:9
BRH:0
end_of_record
TN:
SF:src/context/transaction/TransactionState.js
FN:14,(anonymous_0)
FN:24,(anonymous_1)
FN:50,(anonymous_2)
FN:85,(anonymous_3)
FN:120,(anonymous_4)
FN:125,(anonymous_5)
FNF:6
FNH:0
FNDA:0,(anonymous_0)
FNDA:0,(anonymous_1)
FNDA:0,(anonymous_2)
FNDA:0,(anonymous_3)
FNDA:0,(anonymous_4)
FNDA:0,(anonymous_5)
DA:14,0
DA:15,0
DA:21,0
DA:24,0
DA:25,0
DA:26,0
DA:28,0
DA:30,0
DA:33,0
DA:34,0
DA:37,0
DA:42,0
DA:50,0
DA:51,0
DA:57,0
DA:58,0
DA:60,0
DA:62,0
DA:65,0
DA:66,0
DA:69,0
DA:74,0
DA:76,0
DA:80,0
DA:85,0
DA:86,0
DA:92,0
DA:93,0
DA:95,0
DA:97,0
DA:100,0
DA:101,0
DA:104,0
DA:109,0
DA:111,0
DA:115,0
DA:120,0
DA:121,0
DA:125,0
DA:127,0
LF:40
LH:0
BRDA:44,0,0,0
BRDA:44,0,1,0
BRDA:44,0,2,0
BRDA:78,1,0,0
BRDA:78,1,1,0
BRDA:78,1,2,0
BRDA:113,2,0,0
BRDA:113,2,1,0
BRDA:113,2,2,0
BRF:9
BRH:0
end_of_record
TN:
SF:src/context/transaction/transactionContext.js
FNF:0
FNH:0
DA:3,0
LF:1
LH:0
BRF:0
BRH:0
end_of_record
TN:
SF:src/context/transaction/transactionReducer.js
FN:9,(anonymous_0)
FNF:1
FNH:0
FNDA:0,(anonymous_0)
DA:9,0
DA:10,0
DA:12,0
DA:18,0
DA:24,0
DA:30,0
DA:35,0
DA:41,0
LF:8
LH:0
BRDA:10,0,0,0
BRDA:10,0,1,0
BRDA:10,0,2,0
BRDA:10,0,3,0
BRDA:10,0,4,0
BRDA:10,0,5,0
BRF:6
BRH:0
end_of_record
TN:
SF:src/pages/Analytics.js
FN:14,(anonymous_0)
FN:30,(anonymous_1)
FN:37,(anonymous_2)
FN:44,(anonymous_3)
FN:75,(anonymous_4)
FN:131,(anonymous_5)
FN:134,(anonymous_6)
FN:199,(anonymous_7)
FN:206,(anonymous_8)
FNF:9
FNH:0
FNDA:0,(anonymous_0)
FNDA:0,(anonymous_1)
FNDA:0,(anonymous_2)
FNDA:0,(anonymous_3)
FNDA:0,(anonymous_4)
FNDA:0,(anonymous_5)
FNDA:0,(anonymous_6)
FNDA:0,(anonymous_7)
FNDA:0,(anonymous_8)
DA:14,0
DA:15,0
DA:16,0
DA:18,0
DA:26,0
DA:28,0
DA:30,0
DA:32,0
DA:33,0
DA:37,0
DA:39,0
DA:40,0
DA:44,0
DA:45,0
DA:46,0
DA:49,0
DA:57,0
DA:58,0
DA:68,0
DA:69,0
DA:75,0
DA:85,0
DA:86,0
DA:110,0
DA:131,0
DA:135,0
DA:199,0
DA:206,0
LF:28
LH:0
BRDA:32,0,0,0
BRDA:32,0,1,0
BRDA:32,1,0,0
BRDA:32,1,1,0
BRDA:39,2,0,0
BRDA:39,2,1,0
BRDA:39,3,0,0
BRDA:39,3,1,0
BRDA:57,4,0,0
BRDA:57,4,1,0
BRDA:68,5,0,0
BRDA:68,5,1,0
BRDA:85,6,0,0
BRDA:85,6,1,0
BRDA:85,7,0,0
BRDA:85,7,1,0
BRDA:151,8,0,0
BRDA:151,8,1,0
BRDA:159,9,0,0
BRDA:159,9,1,0
BRDA:167,10,0,0
BRDA:167,10,1,0
BRDA:175,11,0,0
BRDA:175,11,1,0
BRDA:191,12,0,0
BRDA:191,12,1,0
BRF:26
BRH:0
end_of_record
TN:
SF:src/pages/BillPayments.js
FN:6,(anonymous_0)
FN:29,(anonymous_1)
FN:34,(anonymous_2)
FN:39,(anonymous_3)
FN:61,(anonymous_4)
FN:63,(anonymous_5)
FN:88,(anonymous_6)
FN:146,(anonymous_7)
FN:150,(anonymous_8)
FN:166,(anonymous_9)
FN:180,(anonymous_10)
FN:219,(anonymous_11)
FN:223,(anonymous_12)
FN:250,(anonymous_13)
FNF:14
FNH:0
FNDA:0,(anonymous_0)
FNDA:0,(anonymous_1)
FNDA:0,(anonymous_2)
FNDA:0,(anonymous_3)
FNDA:0,(anonymous_4)
FNDA:0,(anonymous_5)
FNDA:0,(anonymous_6)
FNDA:0,(anonymous_7)
FNDA:0,(anonymous_8)
FNDA:0,(anonymous_9)
FNDA:0,(anonymous_10)
FNDA:0,(anonymous_11)
FNDA:0,(anonymous_12)
FNDA:0,(anonymous_13)
DA:6,0
DA:7,0
DA:8,0
DA:10,0
DA:11,0
DA:12,0
DA:13,0
DA:14,0
DA:15,0
DA:16,0
DA:18,0
DA:29,0
DA:30,0
DA:31,0
DA:34,0
DA:35,0
DA:36,0
DA:39,0
DA:40,0
DA:42,0
DA:43,0
DA:44,0
DA:47,0
DA:48,0
DA:49,0
DA:52,0
DA:53,0
DA:54,0
DA:57,0
DA:59,0
DA:61,0
DA:63,0
DA:64,0
DA:74,0
DA:75,0
DA:76,0
DA:79,0
DA:80,0
DA:82,0
DA:83,0
DA:84,0
DA:85,0
DA:86,0
DA:88,0
DA:90,0
DA:92,0
DA:96,0
DA:146,0
DA:151,0
DA:166,0
DA:180,0
DA:220,0
DA:223,0
DA:251,0
LF:54
LH:0
BRDA:35,0,0,0
BRDA:35,0,1,0
BRDA:42,1,0,0
BRDA:42,1,1,0
BRDA:42,2,0,0
BRDA:42,2,1,0
BRDA:42,2,2,0
BRDA:47,3,0,0
BRDA:47,3,1,0
BRDA:52,4,0,0
BRDA:52,4,1,0
BRDA:74,5,0,0
BRDA:74,5,1,0
BRDA:106,6,0,0
BRDA:106,6,1,0
BRDA:195,7,0,0
BRDA:195,7,1,0
BRDA:195,7,2,0
BRDA:195,7,3,0
BRDA:197,8,0,0
BRDA:197,8,1,0
BRDA:222,9,0,0
BRDA:222,9,1,0
BRDA:248,10,0,0
BRDA:248,10,1,0
BRF:25
BRH:0
end_of_record
TN:
SF:src/pages/Dashboard.js
FN:8,(anonymous_0)
FN:16,(anonymous_1)
FN:22,(anonymous_2)
FN:24,(anonymous_3)
FN:28,(anonymous_4)
FN:33,(anonymous_5)
FN:34,(anonymous_6)
FN:36,(anonymous_7)
FN:37,(anonymous_8)
FN:177,(anonymous_9)
FN:265,(anonymous_10)
FNF:11
FNH:0
FNDA:0,(anonymous_0)
FNDA:0,(anonymous_1)
FNDA:0,(anonymous_2)
FNDA:0,(anonymous_3)
FNDA:0,(anonymous_4)
FNDA:0,(anonymous_5)
FNDA:0,(anonymous_6)
FNDA:0,(anonymous_7)
FNDA:0,(anonymous_8)
FNDA:0,(anonymous_9)
FNDA:0,(anonymous_10)
DA:8,0
DA:9,0
DA:10,0
DA:12,0
DA:13,0
DA:14,0
DA:16,0
DA:17,0
DA:19,0
DA:22,0
DA:24,0
DA:25,0
DA:28,0
DA:31,0
DA:32,0
DA:33,0
DA:34,0
DA:35,0
DA:36,0
DA:37,0
DA:39,0
DA:40,0
DA:50,0
DA:178,0
DA:265,0
LF:25
LH:0
BRDA:39,0,0,0
BRDA:39,0,1,0
BRDA:82,1,0,0
BRDA:82,1,1,0
BRDA:113,2,0,0
BRDA:113,2,1,0
BRDA:175,3,0,0
BRDA:175,3,1,0
BRDA:190,4,0,0
BRDA:190,4,1,0
BRDA:195,5,0,0
BRDA:195,5,1,0
BRDA:343,6,0,0
BRDA:343,6,1,0
BRDA:349,7,0,0
BRDA:349,7,1,0
BRF:16
BRH:0
end_of_record
TN:
SF:src/pages/EmailConfirmation.js
FN:5,(anonymous_0)
FN:17,(anonymous_1)
FN:33,(anonymous_2)
FN:52,(anonymous_3)
FN:65,(anonymous_4)
FN:69,(anonymous_5)
FN:114,(anonymous_6)
FNF:7
FNH:0
FNDA:0,(anonymous_0)
FNDA:0,(anonymous_1)
FNDA:0,(anonymous_2)
FNDA:0,(anonymous_3)
FNDA:0,(anonymous_4)
FNDA:0,(anonymous_5)
FNDA:0,(anonymous_6)
DA:5,0
DA:6,0
DA:7,0
DA:8,0
DA:10,0
DA:11,0
DA:12,0
DA:13,0
DA:14,0
DA:15,0
DA:17,0
DA:19,0
DA:20,0
DA:22,0
DA:23,0
DA:24,0
DA:25,0
DA:26,0
DA:29,0
DA:33,0
DA:34,0
DA:36,0
DA:37,0
DA:38,0
DA:41,0
DA:42,0
DA:44,0
DA:46,0
DA:48,0
DA:49,0
DA:51,0
DA:52,0
DA:53,0
DA:56,0
DA:59,0
DA:61,0
DA:65,0
DA:66,0
DA:69,0
DA:70,0
DA:71,0
DA:75,0
DA:114,0
LF:43
LH:0
BRDA:22,0,0,0
BRDA:22,0,1,0
BRDA:25,1,0,0
BRDA:25,1,1,0
BRDA:36,2,0,0
BRDA:36,2,1,0
BRDA:46,3,0,0
BRDA:46,3,1,0
BRDA:46,4,0,0
BRDA:46,4,1,0
BRDA:90,5,0,0
BRDA:90,5,1,0
BRDA:91,6,0,0
BRDA:91,6,1,0
BRDA:92,7,0,0
BRDA:92,7,1,0
BRDA:97,8,0,0
BRDA:97,8,1,0
BRDA:135,9,0,0
BRDA:135,9,1,0
BRDA:158,10,0,0
BRDA:158,10,1,0
BRF:22
BRH:0
end_of_record
TN:
SF:src/pages/Home.js
FN:5,(anonymous_0)
FNF:1
FNH:0
FNDA:0,(anonymous_0)
DA:5,0
DA:6,0
DA:7,0
DA:10,0
DA:11,0
DA:14,0
LF:6
LH:0
BRDA:10,0,0,0
BRDA:10,0,1,0
BRF:2
BRH:0
end_of_record
TN:
SF:src/pages/Loans.js
FN:4,(anonymous_0)
FN:65,(anonymous_1)
FN:69,(anonymous_2)
FN:76,(anonymous_3)
FN:84,(anonymous_4)
FN:118,(anonymous_5)
FN:125,(anonymous_6)
FN:142,(anonymous_7)
FN:146,(anonymous_8)
FN:162,(anonymous_9)
FN:169,(anonymous_10)
FN:181,(anonymous_11)
FN:205,(anonymous_12)
FN:219,(anonymous_13)
FN:238,(anonymous_14)
FN:260,(anonymous_15)
FN:289,(anonymous_16)
FN:290,(anonymous_17)
FN:323,(anonymous_18)
FN:332,(anonymous_19)
FN:376,(anonymous_20)
FN:385,(anonymous_21)
FN:447,(anonymous_22)
FN:455,(anonymous_23)
FN:463,(anonymous_24)
FNF:25
FNH:0
FNDA:0,(anonymous_0)
FNDA:0,(anonymous_1)
FNDA:0,(anonymous_2)
FNDA:0,(anonymous_3)
FNDA:0,(anonymous_4)
FNDA:0,(anonymous_5)
FNDA:0,(anonymous_6)
FNDA:0,(anonymous_7)
FNDA:0,(anonymous_8)
FNDA:0,(anonymous_9)
FNDA:0,(anonymous_10)
FNDA:0,(anonymous_11)
FNDA:0,(anonymous_12)
FNDA:0,(anonymous_13)
FNDA:0,(anonymous_14)
FNDA:0,(anonymous_15)
FNDA:0,(anonymous_16)
FNDA:0,(anonymous_17)
FNDA:0,(anonymous_18)
FNDA:0,(anonymous_19)
FNDA:0,(anonymous_20)
FNDA:0,(anonymous_21)
FNDA:0,(anonymous_22)
FNDA:0,(anonymous_23)
FNDA:0,(anonymous_24)
DA:4,0
DA:5,0
DA:6,0
DA:8,0
DA:9,0
DA:10,0
DA:13,0
DA:22,0
DA:65,0
DA:66,0
DA:69,0
DA:70,0
DA:71,0
DA:72,0
DA:73,0
DA:76,0
DA:77,0
DA:79,0
DA:80,0
DA:81,0
DA:84,0
DA:85,0
DA:86,0
DA:87,0
DA:90,0
DA:100,0
DA:101,0
DA:102,0
DA:104,0
DA:105,0
DA:114,0
DA:115,0
DA:118,0
DA:119,0
DA:120,0
DA:121,0
DA:122,0
DA:125,0
DA:126,0
DA:142,0
DA:147,0
DA:162,0
DA:169,0
DA:181,0
DA:205,0
DA:219,0
DA:238,0
DA:261,0
DA:290,0
DA:291,0
DA:292,0
DA:293,0
DA:295,0
DA:323,0
DA:324,0
DA:333,0
DA:376,0
DA:377,0
DA:386,0
DA:428,0
DA:447,0
DA:455,0
DA:463,0
LF:63
LH:0
BRDA:70,0,0,0
BRDA:70,0,1,0
BRDA:71,1,0,0
BRDA:71,1,1,0
BRDA:79,2,0,0
BRDA:79,2,1,0
BRDA:79,3,0,0
BRDA:79,3,1,0
BRDA:79,3,2,0
BRDA:79,3,3,0
BRDA:79,3,4,0
BRDA:85,4,0,0
BRDA:85,4,1,0
BRDA:97,5,0,0
BRDA:97,5,1,0
BRDA:100,6,0,0
BRDA:100,6,1,0
BRDA:167,7,0,0
BRDA:167,7,1,0
BRDA:282,8,0,0
BRDA:282,8,1,0
BRDA:282,8,2,0
BRDA:282,8,3,0
BRDA:330,9,0,0
BRDA:330,9,1,0
BRDA:352,10,0,0
BRDA:352,10,1,0
BRDA:353,11,0,0
BRDA:353,11,1,0
BRDA:383,12,0,0
BRDA:383,12,1,0
BRDA:446,13,0,0
BRDA:446,13,1,0
BRDA:454,14,0,0
BRDA:454,14,1,0
BRDA:462,15,0,0
BRDA:462,15,1,0
BRDA:472,16,0,0
BRDA:472,16,1,0
BRDA:473,17,0,0
BRDA:473,17,1,0
BRDA:474,18,0,0
BRDA:474,18,1,0
BRF:43
BRH:0
end_of_record
TN:
SF:src/pages/Login.js
FN:5,(anonymous_0)
FN:11,(anonymous_1)
FN:19,(anonymous_2)
FN:32,(anonymous_3)
FN:34,(anonymous_4)
FNF:5
FNH:0
FNDA:0,(anonymous_0)
FNDA:0,(anonymous_1)
FNDA:0,(anonymous_2)
FNDA:0,(anonymous_3)
FNDA:0,(anonymous_4)
DA:5,0
DA:6,0
DA:7,0
DA:9,0
DA:11,0
DA:12,0
DA:13,0
DA:16,0
DA:17,0
DA:19,0
DA:20,0
DA:25,0
DA:30,0
DA:32,0
DA:34,0
DA:35,0
DA:36,0
DA:37,0
DA:38,0
DA:41,0
DA:42,0
DA:48,0
LF:22
LH:0
BRDA:12,0,0,0
BRDA:12,0,1,0
BRDA:16,1,0,0
BRDA:16,1,1,0
BRDA:36,2,0,0
BRDA:36,2,1,0
BRDA:36,3,0,0
BRDA:36,3,1,0
BRDA:60,4,0,0
BRDA:60,4,1,0
BRDA:101,5,0,0
BRDA:101,5,1,0
BRF:12
BRH:0
end_of_record
TN:
SF:src/pages/NotFound.js
FN:3,(anonymous_0)
FNF:1
FNH:0
FNDA:0,(anonymous_0)
DA:3,0
DA:4,0
LF:2
LH:0
BRF:0
BRH:0
end_of_record
TN:
SF:src/pages/Register.js
FN:5,(anonymous_0)
FN:13,(anonymous_1)
FN:20,(anonymous_2)
FN:35,(anonymous_3)
FN:37,(anonymous_4)
FN:68,(anonymous_5)
FNF:6
FNH:0
FNDA:0,(anonymous_0)
FNDA:0,(anonymous_1)
FNDA:0,(anonymous_2)
FNDA:0,(anonymous_3)
FNDA:0,(anonymous_4)
FNDA:0,(anonymous_5)
DA:5,0
DA:6,0
DA:7,0
DA:9,0
DA:10,0
DA:11,0
DA:13,0
DA:14,0
DA:15,0
DA:18,0
DA:19,0
DA:20,0
DA:21,0
DA:26,0
DA:33,0
DA:35,0
DA:37,0
DA:38,0
DA:40,0
DA:41,0
DA:42,0
DA:45,0
DA:46,0
DA:47,0
DA:50,0
DA:51,0
DA:52,0
DA:55,0
DA:57,0
DA:58,0
DA:65,0
DA:66,0
DA:67,0
DA:68,0
DA:69,0
DA:73,0
DA:77,0
DA:78,0
DA:114,0
LF:39
LH:0
BRDA:14,0,0,0
BRDA:14,0,1,0
BRDA:18,1,0,0
BRDA:18,1,1,0
BRDA:40,2,0,0
BRDA:40,2,1,0
BRDA:40,3,0,0
BRDA:40,3,1,0
BRDA:40,3,2,0
BRDA:40,3,3,0
BRDA:45,4,0,0
BRDA:45,4,1,0
BRDA:50,5,0,0
BRDA:50,5,1,0
BRDA:65,6,0,0
BRDA:65,6,1,0
BRDA:77,7,0,0
BRDA:77,7,1,0
BRDA:126,8,0,0
BRDA:126,8,1,0
BRDA:200,9,0,0
BRDA:200,9,1,0
BRF:22
BRH:0
end_of_record
TN:
SF:src/pages/Transactions.js
FN:7,(anonymous_0)
FN:24,(anonymous_1)
FN:29,(anonymous_2)
FN:36,(anonymous_3)
FN:39,(anonymous_4)
FN:67,(anonymous_5)
FN:73,(anonymous_6)
FN:91,(anonymous_7)
FN:207,(anonymous_8)
FN:222,(anonymous_9)
FN:250,(anonymous_10)
FN:280,(anonymous_11)
FNF:12
FNH:0
FNDA:0,(anonymous_0)
FNDA:0,(anonymous_1)
FNDA:0,(anonymous_2)
FNDA:0,(anonymous_3)
FNDA:0,(anonymous_4)
FNDA:0,(anonymous_5)
FNDA:0,(anonymous_6)
FNDA:0,(anonymous_7)
FNDA:0,(anonymous_8)
FNDA:0,(anonymous_9)
FNDA:0,(anonymous_10)
FNDA:0,(anonymous_11)
DA:7,0
DA:8,0
DA:9,0
DA:11,0
DA:12,0
DA:14,0
DA:19,0
DA:20,0
DA:21,0
DA:22,0
DA:24,0
DA:25,0
DA:26,0
DA:29,0
DA:31,0
DA:34,0
DA:36,0
DA:37,0
DA:39,0
DA:40,0
DA:42,0
DA:43,0
DA:44,0
DA:47,0
DA:48,0
DA:49,0
DA:52,0
DA:53,0
DA:54,0
DA:57,0
DA:58,0
DA:62,0
DA:66,0
DA:67,0
DA:69,0
DA:73,0
DA:74,0
DA:76,0
DA:77,0
DA:78,0
DA:81,0
DA:82,0
DA:83,0
DA:86,0
DA:87,0
DA:88,0
DA:89,0
DA:90,0
DA:91,0
DA:93,0
DA:97,0
DA:207,0
DA:222,0
DA:251,0
DA:252,0
DA:281,0
LF:56
LH:0
BRDA:42,0,0,0
BRDA:42,0,1,0
BRDA:42,1,0,0
BRDA:42,1,1,0
BRDA:47,2,0,0
BRDA:47,2,1,0
BRDA:52,3,0,0
BRDA:52,3,1,0
BRDA:69,4,0,0
BRDA:69,4,1,0
BRDA:76,5,0,0
BRDA:76,5,1,0
BRDA:81,6,0,0
BRDA:81,6,1,0
BRDA:93,7,0,0
BRDA:93,7,1,0
BRDA:107,8,0,0
BRDA:107,8,1,0
BRDA:114,9,0,0
BRDA:114,9,1,0
BRDA:186,10,0,0
BRDA:186,10,1,0
BRDA:186,10,2,0
BRDA:186,10,3,0
BRDA:188,11,0,0
BRDA:188,11,1,0
BRDA:204,12,0,0
BRDA:204,12,1,0
BRDA:233,13,0,0
BRDA:233,13,1,0
BRDA:235,14,0,0
BRDA:235,14,1,0
BRDA:273,15,0,0
BRDA:273,15,1,0
BRDA:273,16,0,0
BRDA:273,16,1,0
BRDA:278,17,0,0
BRDA:278,17,1,0
BRDA:299,18,0,0
BRDA:299,18,1,0
BRDA:305,19,0,0
BRDA:305,19,1,0
BRDA:309,20,0,0
BRDA:309,20,1,0
BRF:44
BRH:0
end_of_record
TN:
SF:src/utils/analyticsUtils.js
FN:4,(anonymous_0)
FN:43,(anonymous_1)
FN:48,(anonymous_2)
FN:54,(anonymous_3)
FN:55,(anonymous_4)
FN:58,(anonymous_5)
FN:59,(anonymous_6)
FN:63,(anonymous_7)
FN:70,(anonymous_8)
FN:72,(anonymous_9)
FN:76,(anonymous_10)
FN:97,(anonymous_11)
FN:101,(anonymous_12)
FN:105,(anonymous_13)
FN:111,(anonymous_14)
FN:112,(anonymous_15)
FN:115,(anonymous_16)
FN:116,(anonymous_17)
FN:131,(anonymous_18)
FN:137,(anonymous_19)
FN:167,(anonymous_20)
FN:181,(anonymous_21)
FN:182,(anonymous_22)
FN:197,(anonymous_23)
FN:198,(anonymous_24)
FN:220,(anonymous_25)
FN:228,(anonymous_26)
FNF:27
FNH:0
FNDA:0,(anonymous_0)
FNDA:0,(anonymous_1)
FNDA:0,(anonymous_2)
FNDA:0,(anonymous_3)
FNDA:0,(anonymous_4)
FNDA:0,(anonymous_5)
FNDA:0,(anonymous_6)
FNDA:0,(anonymous_7)
FNDA:0,(anonymous_8)
FNDA:0,(anonymous_9)
FNDA:0,(anonymous_10)
FNDA:0,(anonymous_11)
FNDA:0,(anonymous_12)
FNDA:0,(anonymous_13)
FNDA:0,(anonymous_14)
FNDA:0,(anonymous_15)
FNDA:0,(anonymous_16)
FNDA:0,(anonymous_17)
FNDA:0,(anonymous_18)
FNDA:0,(anonymous_19)
FNDA:0,(anonymous_20)
FNDA:0,(anonymous_21)
FNDA:0,(anonymous_22)
FNDA:0,(anonymous_23)
FNDA:0,(anonymous_24)
FNDA:0,(anonymous_25)
FNDA:0,(anonymous_26)
DA:4,0
DA:5,0
DA:43,0
DA:44,0
DA:45,0
DA:48,0
DA:49,0
DA:50,0
DA:54,0
DA:55,0
DA:58,0
DA:59,0
DA:60,0
DA:63,0
DA:64,0
DA:65,0
DA:66,0
DA:70,0
DA:71,0
DA:73,0
DA:74,0
DA:76,0
DA:78,0
DA:85,0
DA:97,0
DA:98,0
DA:99,0
DA:101,0
DA:102,0
DA:103,0
DA:105,0
DA:106,0
DA:107,0
DA:110,0
DA:111,0
DA:112,0
DA:114,0
DA:115,0
DA:116,0
DA:118,0
DA:127,0
DA:131,0
DA:132,0
DA:133,0
DA:137,0
DA:138,0
DA:141,0
DA:142,0
DA:143,0
DA:149,0
DA:150,0
DA:157,0
DA:166,0
DA:167,0
DA:169,0
DA:170,0
DA:171,0
DA:172,0
DA:181,0
DA:182,0
DA:184,0
DA:185,0
DA:186,0
DA:187,0
DA:197,0
DA:198,0
DA:200,0
DA:201,0
DA:207,0
DA:208,0
DA:216,0
DA:220,0
DA:221,0
DA:228,0
DA:229,0
DA:230,0
DA:232,0
LF:77
LH:0
BRDA:43,0,0,0
BRDA:49,1,0,0
BRDA:49,1,1,0
BRDA:50,2,0,0
BRDA:50,2,1,0
BRDA:54,3,0,0
BRDA:54,3,1,0
BRDA:55,4,0,0
BRDA:55,4,1,0
BRDA:64,5,0,0
BRDA:64,5,1,0
BRDA:65,6,0,0
BRDA:65,6,1,0
BRDA:73,7,0,0
BRDA:73,7,1,0
BRDA:97,8,0,0
BRDA:106,9,0,0
BRDA:106,9,1,0
BRDA:107,10,0,0
BRDA:107,10,1,0
BRDA:111,11,0,0
BRDA:111,11,1,0
BRDA:115,12,0,0
BRDA:115,12,1,0
BRDA:132,13,0,0
BRDA:132,13,1,0
BRDA:142,14,0,0
BRDA:142,14,1,0
BRDA:149,15,0,0
BRDA:149,15,1,0
BRDA:169,16,0,0
BRDA:169,16,1,0
BRDA:184,17,0,0
BRDA:184,17,1,0
BRDA:186,18,0,0
BRDA:186,18,1,0
BRDA:200,19,0,0
BRDA:200,19,1,0
BRDA:207,20,0,0
BRDA:207,20,1,0
BRF:40
BRH:0
end_of_record
TN:
SF:src/utils/mockAuth.js
FN:4,(anonymous_0)
FN:6,(anonymous_1)
FN:35,(anonymous_2)
FN:37,(anonymous_3)
FN:69,(anonymous_4)
FN:71,(anonymous_5)
FN:101,(anonymous_6)
FN:107,(anonymous_7)
FNF:8
FNH:0
FNDA:0,(anonymous_0)
FNDA:0,(anonymous_1)
FNDA:0,(anonymous_2)
FNDA:0,(anonymous_3)
FNDA:0,(anonymous_4)
FNDA:0,(anonymous_5)
FNDA:0,(anonymous_6)
FNDA:0,(anonymous_7)
DA:4,0
DA:6,0
DA:9,0
DA:10,0
DA:11,0
DA:15,0
DA:16,0
DA:24,0
DA:31,0
DA:35,0
DA:37,0
DA:39,0
DA:41,0
DA:50,0
DA:53,0
DA:54,0
DA:55,0
DA:57,0
DA:65,0
DA:69,0
DA:71,0
DA:74,0
DA:75,0
DA:76,0
DA:77,0
DA:87,0
DA:101,0
DA:102,0
DA:103,0
DA:107,0
DA:108,0
DA:109,0
DA:141,0
DA:142,0
DA:149,0
LF:35
LH:0
BRDA:10,0,0,0
BRDA:10,0,1,0
BRDA:15,1,0,0
BRDA:15,1,1,0
BRDA:15,2,0,0
BRDA:15,2,1,0
BRDA:39,3,0,0
BRDA:39,3,1,0
BRDA:39,4,0,0
BRDA:39,4,1,0
BRDA:39,4,2,0
BRDA:75,5,0,0
BRDA:75,5,1,0
BRDA:141,6,0,0
BRDA:141,6,1,0
BRF:15
BRH:0
end_of_record
TN:
SF:src/utils/mockTransactions.js
FN:4,(anonymous_0)
FN:110,(anonymous_1)
FN:117,(anonymous_2)
FN:119,(anonymous_3)
FN:124,(anonymous_4)
FN:130,(anonymous_5)
FN:132,(anonymous_6)
FN:167,(anonymous_7)
FN:171,(anonymous_8)
FN:173,(anonymous_9)
FNF:10
FNH:0
FNDA:0,(anonymous_0)
FNDA:0,(anonymous_1)
FNDA:0,(anonymous_2)
FNDA:0,(anonymous_3)
FNDA:0,(anonymous_4)
FNDA:0,(anonymous_5)
FNDA:0,(anonymous_6)
FNDA:0,(anonymous_7)
FNDA:0,(anonymous_8)
FNDA:0,(anonymous_9)
DA:4,0
DA:5,0
DA:6,0
DA:18,0
DA:19,0
DA:22,0
DA:23,0
DA:26,0
DA:27,0
DA:29,0
DA:30,0
DA:32,0
DA:34,0
DA:35,0
DA:39,0
DA:41,0
DA:52,0
DA:53,0
DA:54,0
DA:58,0
DA:60,0
DA:61,0
DA:63,0
DA:64,0
DA:66,0
DA:67,0
DA:69,0
DA:70,0
DA:72,0
DA:73,0
DA:75,0
DA:76,0
DA:78,0
DA:79,0
DA:81,0
DA:82,0
DA:84,0
DA:88,0
DA:89,0
DA:92,0
DA:93,0
DA:95,0
DA:110,0
DA:113,0
DA:115,0
DA:117,0
DA:119,0
DA:121,0
DA:124,0
DA:130,0
DA:132,0
DA:134,0
DA:135,0
DA:138,0
DA:139,0
DA:142,0
DA:143,0
DA:145,0
DA:155,0
DA:157,0
DA:167,0
DA:168,0
DA:171,0
DA:173,0
DA:175,0
DA:176,0
DA:178,0
DA:188,0
DA:190,0
LF:69
LH:0
BRDA:26,0,0,0
BRDA:26,0,1,0
BRDA:27,1,0,0
BRDA:27,1,1,0
BRDA:32,2,0,0
BRDA:32,2,1,0
BRDA:35,3,0,0
BRDA:35,3,1,0
BRDA:58,4,0,0
BRDA:58,4,1,0
BRDA:58,4,2,0
BRDA:58,4,3,0
BRDA:58,4,4,0
BRDA:58,4,5,0
BRDA:58,4,6,0
BRDA:58,4,7,0
BRDA:58,4,8,0
BRDA:88,5,0,0
BRDA:88,5,1,0
BRDA:92,6,0,0
BRDA:92,6,1,0
BRDA:115,7,0,0
BRDA:115,7,1,0
BRDA:134,8,0,0
BRDA:134,8,1,0
BRDA:134,9,0,0
BRDA:134,9,1,0
BRDA:138,10,0,0
BRDA:138,10,1,0
BRDA:150,11,0,0
BRDA:150,11,1,0
BRF:31
BRH:0
end_of_record
TN:
SF:src/utils/numberToWords.js
FN:2,(anonymous_0)
FN:17,(anonymous_1)
FN:74,(anonymous_2)
FNF:3
FNH:0
FNDA:0,(anonymous_0)
FNDA:0,(anonymous_1)
FNDA:0,(anonymous_2)
DA:2,0
DA:3,0
DA:5,0
DA:11,0
DA:15,0
DA:17,0
DA:18,0
DA:20,0
DA:21,0
DA:22,0
DA:23,0
DA:26,0
DA:27,0
DA:28,0
DA:29,0
DA:30,0
DA:31,0
DA:34,0
DA:38,0
DA:39,0
DA:41,0
DA:42,0
DA:43,0
DA:46,0
DA:47,0
DA:48,0
DA:50,0
DA:51,0
DA:52,0
DA:53,0
DA:54,0
DA:55,0
DA:57,0
DA:60,0
DA:61,0
DA:64,0
DA:66,0
DA:67,0
DA:70,0
DA:74,0
DA:75,0
DA:77,0
DA:78,0
DA:80,0
DA:81,0
DA:82,0
DA:83,0
DA:84,0
DA:85,0
DA:87,0
LF:50
LH:0
BRDA:3,0,0,0
BRDA:3,0,1,0
BRDA:20,1,0,0
BRDA:20,1,1,0
BRDA:23,2,0,0
BRDA:23,2,1,0
BRDA:26,3,0,0
BRDA:26,3,1,0
BRDA:29,4,0,0
BRDA:29,4,1,0
BRDA:30,5,0,0
BRDA:30,5,1,0
BRDA:41,6,0,0
BRDA:41,6,1,0
BRDA:42,7,0,0
BRDA:42,7,1,0
BRDA:43,8,0,0
BRDA:43,8,1,0
BRDA:52,9,0,0
BRDA:52,9,1,0
BRDA:54,10,0,0
BRDA:54,10,1,0
BRDA:55,11,0,0
BRDA:55,11,1,0
BRDA:64,12,0,0
BRDA:64,12,1,0
BRDA:66,13,0,0
BRDA:66,13,1,0
BRDA:67,14,0,0
BRDA:67,14,1,0
BRDA:75,15,0,0
BRDA:75,15,1,0
BRDA:80,16,0,0
BRDA:80,16,1,0
BRDA:83,17,0,0
BRDA:83,17,1,0
BRF:36
BRH:0
end_of_record
TN:
SF:src/utils/setAuthToken.js
FN:3,(anonymous_0)
FNF:1
FNH:0
FNDA:0,(anonymous_0)
DA:3,0
DA:4,0
DA:5,0
DA:7,0
LF:4
LH:0
BRDA:4,0,0,0
BRDA:4,0,1,0
BRF:2
BRH:0
end_of_record
